<html>
<head>
<title>TestNG:  YWCL_OR04_case11</title>
<link href="../testng.css" rel="stylesheet" type="text/css" />
<link href="../my-testng.css" rel="stylesheet" type="text/css" />

<style type="text/css">
.log { display: none;} 
.stack-trace { display: none;} 
</style>
<script type="text/javascript">
<!--
function flip(e) {
  current = e.style.display;
  if (current == 'block') {
    e.style.display = 'none';
    return 0;
  }
  else {
    e.style.display = 'block';
    return 1;
  }
}

function toggleBox(szDivId, elem, msg1, msg2)
{
  var res = -1;  if (document.getElementById) {
    res = flip(document.getElementById(szDivId));
  }
  else if (document.all) {
    // this is the way old msie versions work
    res = flip(document.all[szDivId]);
  }
  if(elem) {
    if(res == 0) elem.innerHTML = msg1; else elem.innerHTML = msg2;
  }

}

function toggleAllBoxes() {
  if (document.getElementsByTagName) {
    d = document.getElementsByTagName('div');
    for (i = 0; i < d.length; i++) {
      if (d[i].className == 'log') {
        flip(d[i]);
      }
    }
  }
}

// -->
</script>

</head>
<body>
<h2 align='center'>YWCL_OR04_case11</h2><table border='1' align="center">
<tr>
<td>Tests passed/Failed/Skipped:</td><td>27/42/0</td>
</tr><tr>
<td>Started on:</td><td>Thu Jun 15 16:17:28 CST 2017</td>
</tr>
<tr><td>Total time:</td><td>1 seconds (1959 ms)</td>
</tr><tr>
<td>Included groups:</td><td></td>
</tr><tr>
<td>Excluded groups:</td><td></td>
</tr>
</table><p/>
<small><i>(Hover the method name to see the test class name)</i></small><p/>
<table width='100%' border='1' class='invocation-failed'>
<tr><td colspan='4' align='center'><b>FAILED TESTS</b></td></tr>
<tr><td><b>Test method</b></td>
<td width="30%"><b>Exception</b></td>
<td width="10%"><b>Time (seconds)</b></td>
<td><b>Instance</b></td>
</tr>
<tr>
<td title='com.webirrse.testcode.IRR_YWCL_OR04.bdsxl_jb()'><b>bdsxl_jb</b><br>Test class: com.webirrse.testcode.IRR_YWCL_OR04<br>Parameters: 11</td>
<td><div><pre>java.lang.AssertionError: C58减保金额 expected [9] but found [6]
	at com.webirrse.testcode.IRR_YWCL_OR04.bdsxl_jb(IRR_YWCL_OR04.java:516)
... Removed 27 stack frames</pre></div><a href='#' onClick='toggleBox("stack-trace1882099303", this, "Click to show all stack frames", "Click to hide stack frames")'>Click to show all stack frames</a>
<div class='stack-trace' id='stack-trace1882099303'><pre>java.lang.AssertionError: C58减保金额 expected [9] but found [6]
	at org.testng.Assert.fail(Assert.java:94)
	at org.testng.Assert.failNotEquals(Assert.java:496)
	at org.testng.Assert.assertEquals(Assert.java:125)
	at com.webirrse.testcode.IRR_YWCL_OR04.bdsxl_jb(IRR_YWCL_OR04.java:516)
	at sun.reflect.NativeMethodAccessorImpl.invoke0(Native Method)
	at sun.reflect.NativeMethodAccessorImpl.invoke(Unknown Source)
	at sun.reflect.DelegatingMethodAccessorImpl.invoke(Unknown Source)
	at java.lang.reflect.Method.invoke(Unknown Source)
	at org.testng.internal.MethodInvocationHelper.invokeMethod(MethodInvocationHelper.java:85)
	at org.testng.internal.Invoker.invokeMethod(Invoker.java:639)
	at org.testng.internal.Invoker.invokeTestMethod(Invoker.java:816)
	at org.testng.internal.Invoker.invokeTestMethods(Invoker.java:1124)
	at org.testng.internal.TestMethodWorker.invokeTestMethods(TestMethodWorker.java:125)
	at org.testng.internal.TestMethodWorker.run(TestMethodWorker.java:108)
	at org.testng.TestRunner.privateRun(TestRunner.java:774)
	at org.testng.TestRunner.run(TestRunner.java:624)
	at org.testng.SuiteRunner.runTest(SuiteRunner.java:359)
	at org.testng.SuiteRunner.runSequentially(SuiteRunner.java:354)
	at org.testng.SuiteRunner.privateRun(SuiteRunner.java:312)
	at org.testng.SuiteRunner.run(SuiteRunner.java:261)
	at org.testng.SuiteRunnerWorker.runSuite(SuiteRunnerWorker.java:52)
	at org.testng.SuiteRunnerWorker.run(SuiteRunnerWorker.java:86)
	at org.testng.TestNG.runSuitesSequentially(TestNG.java:1215)
	at org.testng.TestNG.runSuitesLocally(TestNG.java:1140)
	at org.testng.TestNG.run(TestNG.java:1048)
	at org.testng.remote.AbstractRemoteTestNG.run(AbstractRemoteTestNG.java:132)
	at org.testng.remote.RemoteTestNG.initAndRun(RemoteTestNG.java:230)
	at org.testng.remote.RemoteTestNG.main(RemoteTestNG.java:76)
</pre></div></td>
<td>0</td>
<td>com.webirrse.testcode.IRR_YWCL_OR04@a67c67e</td></tr>
<tr>
<td title='com.webirrse.testcode.IRR_YWCL_OR04.bdsxl_sx()'><b>bdsxl_sx</b><br>Test class: com.webirrse.testcode.IRR_YWCL_OR04<br>Parameters: 11</td>
<td><div><pre>java.lang.AssertionError: C57失效、退保金额 expected [0.06] but found [0.03]
	at com.webirrse.testcode.IRR_YWCL_OR04.bdsxl_sx(IRR_YWCL_OR04.java:509)
... Removed 27 stack frames</pre></div><a href='#' onClick='toggleBox("stack-trace1720393647", this, "Click to show all stack frames", "Click to hide stack frames")'>Click to show all stack frames</a>
<div class='stack-trace' id='stack-trace1720393647'><pre>java.lang.AssertionError: C57失效、退保金额 expected [0.06] but found [0.03]
	at org.testng.Assert.fail(Assert.java:94)
	at org.testng.Assert.failNotEquals(Assert.java:496)
	at org.testng.Assert.assertEquals(Assert.java:125)
	at com.webirrse.testcode.IRR_YWCL_OR04.bdsxl_sx(IRR_YWCL_OR04.java:509)
	at sun.reflect.NativeMethodAccessorImpl.invoke0(Native Method)
	at sun.reflect.NativeMethodAccessorImpl.invoke(Unknown Source)
	at sun.reflect.DelegatingMethodAccessorImpl.invoke(Unknown Source)
	at java.lang.reflect.Method.invoke(Unknown Source)
	at org.testng.internal.MethodInvocationHelper.invokeMethod(MethodInvocationHelper.java:85)
	at org.testng.internal.Invoker.invokeMethod(Invoker.java:639)
	at org.testng.internal.Invoker.invokeTestMethod(Invoker.java:816)
	at org.testng.internal.Invoker.invokeTestMethods(Invoker.java:1124)
	at org.testng.internal.TestMethodWorker.invokeTestMethods(TestMethodWorker.java:125)
	at org.testng.internal.TestMethodWorker.run(TestMethodWorker.java:108)
	at org.testng.TestRunner.privateRun(TestRunner.java:774)
	at org.testng.TestRunner.run(TestRunner.java:624)
	at org.testng.SuiteRunner.runTest(SuiteRunner.java:359)
	at org.testng.SuiteRunner.runSequentially(SuiteRunner.java:354)
	at org.testng.SuiteRunner.privateRun(SuiteRunner.java:312)
	at org.testng.SuiteRunner.run(SuiteRunner.java:261)
	at org.testng.SuiteRunnerWorker.runSuite(SuiteRunnerWorker.java:52)
	at org.testng.SuiteRunnerWorker.run(SuiteRunnerWorker.java:86)
	at org.testng.TestNG.runSuitesSequentially(TestNG.java:1215)
	at org.testng.TestNG.runSuitesLocally(TestNG.java:1140)
	at org.testng.TestNG.run(TestNG.java:1048)
	at org.testng.remote.AbstractRemoteTestNG.run(AbstractRemoteTestNG.java:132)
	at org.testng.remote.RemoteTestNG.initAndRun(RemoteTestNG.java:230)
	at org.testng.remote.RemoteTestNG.main(RemoteTestNG.java:76)
</pre></div></td>
<td>0</td>
<td>com.webirrse.testcode.IRR_YWCL_OR04@a67c67e</td></tr>
<tr>
<td title='com.webirrse.testcode.IRR_YWCL_OR04.bmglcjy()'><b>bmglcjy</b><br>Test class: com.webirrse.testcode.IRR_YWCL_OR04<br>Parameters: 11</td>
<td><div><pre>java.lang.AssertionError: C7部门负责人具有5年以上保险相关从业经验的占比 expected [0.49] but found [0.8]
	at com.webirrse.testcode.IRR_YWCL_OR04.bmglcjy(IRR_YWCL_OR04.java:158)
... Removed 27 stack frames</pre></div><a href='#' onClick='toggleBox("stack-trace1610659945", this, "Click to show all stack frames", "Click to hide stack frames")'>Click to show all stack frames</a>
<div class='stack-trace' id='stack-trace1610659945'><pre>java.lang.AssertionError: C7部门负责人具有5年以上保险相关从业经验的占比 expected [0.49] but found [0.8]
	at org.testng.Assert.fail(Assert.java:94)
	at org.testng.Assert.failNotEquals(Assert.java:496)
	at org.testng.Assert.assertEquals(Assert.java:125)
	at com.webirrse.testcode.IRR_YWCL_OR04.bmglcjy(IRR_YWCL_OR04.java:158)
	at sun.reflect.NativeMethodAccessorImpl.invoke0(Native Method)
	at sun.reflect.NativeMethodAccessorImpl.invoke(Unknown Source)
	at sun.reflect.DelegatingMethodAccessorImpl.invoke(Unknown Source)
	at java.lang.reflect.Method.invoke(Unknown Source)
	at org.testng.internal.MethodInvocationHelper.invokeMethod(MethodInvocationHelper.java:85)
	at org.testng.internal.Invoker.invokeMethod(Invoker.java:639)
	at org.testng.internal.Invoker.invokeTestMethod(Invoker.java:816)
	at org.testng.internal.Invoker.invokeTestMethods(Invoker.java:1124)
	at org.testng.internal.TestMethodWorker.invokeTestMethods(TestMethodWorker.java:125)
	at org.testng.internal.TestMethodWorker.run(TestMethodWorker.java:108)
	at org.testng.TestRunner.privateRun(TestRunner.java:774)
	at org.testng.TestRunner.run(TestRunner.java:624)
	at org.testng.SuiteRunner.runTest(SuiteRunner.java:359)
	at org.testng.SuiteRunner.runSequentially(SuiteRunner.java:354)
	at org.testng.SuiteRunner.privateRun(SuiteRunner.java:312)
	at org.testng.SuiteRunner.run(SuiteRunner.java:261)
	at org.testng.SuiteRunnerWorker.runSuite(SuiteRunnerWorker.java:52)
	at org.testng.SuiteRunnerWorker.run(SuiteRunnerWorker.java:86)
	at org.testng.TestNG.runSuitesSequentially(TestNG.java:1215)
	at org.testng.TestNG.runSuitesLocally(TestNG.java:1140)
	at org.testng.TestNG.run(TestNG.java:1048)
	at org.testng.remote.AbstractRemoteTestNG.run(AbstractRemoteTestNG.java:132)
	at org.testng.remote.RemoteTestNG.initAndRun(RemoteTestNG.java:230)
	at org.testng.remote.RemoteTestNG.main(RemoteTestNG.java:76)
</pre></div></td>
<td>0</td>
<td>com.webirrse.testcode.IRR_YWCL_OR04@a67c67e</td></tr>
<tr>
<td title='com.webirrse.testcode.IRR_YWCL_OR04.bmglcjy_wnys()'><b>bmglcjy_wnys</b><br>Test class: com.webirrse.testcode.IRR_YWCL_OR04<br>Parameters: 11</td>
<td><div><pre>java.lang.AssertionError: C8五年以上相关从业经验人数 expected [49] but found [80]
	at com.webirrse.testcode.IRR_YWCL_OR04.bmglcjy_wnys(IRR_YWCL_OR04.java:165)
... Removed 27 stack frames</pre></div><a href='#' onClick='toggleBox("stack-trace646726919", this, "Click to show all stack frames", "Click to hide stack frames")'>Click to show all stack frames</a>
<div class='stack-trace' id='stack-trace646726919'><pre>java.lang.AssertionError: C8五年以上相关从业经验人数 expected [49] but found [80]
	at org.testng.Assert.fail(Assert.java:94)
	at org.testng.Assert.failNotEquals(Assert.java:496)
	at org.testng.Assert.assertEquals(Assert.java:125)
	at com.webirrse.testcode.IRR_YWCL_OR04.bmglcjy_wnys(IRR_YWCL_OR04.java:165)
	at sun.reflect.NativeMethodAccessorImpl.invoke0(Native Method)
	at sun.reflect.NativeMethodAccessorImpl.invoke(Unknown Source)
	at sun.reflect.DelegatingMethodAccessorImpl.invoke(Unknown Source)
	at java.lang.reflect.Method.invoke(Unknown Source)
	at org.testng.internal.MethodInvocationHelper.invokeMethod(MethodInvocationHelper.java:85)
	at org.testng.internal.Invoker.invokeMethod(Invoker.java:639)
	at org.testng.internal.Invoker.invokeTestMethod(Invoker.java:816)
	at org.testng.internal.Invoker.invokeTestMethods(Invoker.java:1124)
	at org.testng.internal.TestMethodWorker.invokeTestMethods(TestMethodWorker.java:125)
	at org.testng.internal.TestMethodWorker.run(TestMethodWorker.java:108)
	at org.testng.TestRunner.privateRun(TestRunner.java:774)
	at org.testng.TestRunner.run(TestRunner.java:624)
	at org.testng.SuiteRunner.runTest(SuiteRunner.java:359)
	at org.testng.SuiteRunner.runSequentially(SuiteRunner.java:354)
	at org.testng.SuiteRunner.privateRun(SuiteRunner.java:312)
	at org.testng.SuiteRunner.run(SuiteRunner.java:261)
	at org.testng.SuiteRunnerWorker.runSuite(SuiteRunnerWorker.java:52)
	at org.testng.SuiteRunnerWorker.run(SuiteRunnerWorker.java:86)
	at org.testng.TestNG.runSuitesSequentially(TestNG.java:1215)
	at org.testng.TestNG.runSuitesLocally(TestNG.java:1140)
	at org.testng.TestNG.run(TestNG.java:1048)
	at org.testng.remote.AbstractRemoteTestNG.run(AbstractRemoteTestNG.java:132)
	at org.testng.remote.RemoteTestNG.initAndRun(RemoteTestNG.java:230)
	at org.testng.remote.RemoteTestNG.main(RemoteTestNG.java:76)
</pre></div></td>
<td>0</td>
<td>com.webirrse.testcode.IRR_YWCL_OR04@a67c67e</td></tr>
<tr>
<td title='com.webirrse.testcode.IRR_YWCL_OR04.bqbgwcl()'><b>bqbgwcl</b><br>Test class: com.webirrse.testcode.IRR_YWCL_OR04<br>Parameters: 11</td>
<td><div><pre>java.lang.AssertionError: C48保全变更完成率 expected [0.89] but found [0.95]
	at com.webirrse.testcode.IRR_YWCL_OR04.bqbgwcl(IRR_YWCL_OR04.java:446)
... Removed 27 stack frames</pre></div><a href='#' onClick='toggleBox("stack-trace877855051", this, "Click to show all stack frames", "Click to hide stack frames")'>Click to show all stack frames</a>
<div class='stack-trace' id='stack-trace877855051'><pre>java.lang.AssertionError: C48保全变更完成率 expected [0.89] but found [0.95]
	at org.testng.Assert.fail(Assert.java:94)
	at org.testng.Assert.failNotEquals(Assert.java:496)
	at org.testng.Assert.assertEquals(Assert.java:125)
	at com.webirrse.testcode.IRR_YWCL_OR04.bqbgwcl(IRR_YWCL_OR04.java:446)
	at sun.reflect.NativeMethodAccessorImpl.invoke0(Native Method)
	at sun.reflect.NativeMethodAccessorImpl.invoke(Unknown Source)
	at sun.reflect.DelegatingMethodAccessorImpl.invoke(Unknown Source)
	at java.lang.reflect.Method.invoke(Unknown Source)
	at org.testng.internal.MethodInvocationHelper.invokeMethod(MethodInvocationHelper.java:85)
	at org.testng.internal.Invoker.invokeMethod(Invoker.java:639)
	at org.testng.internal.Invoker.invokeTestMethod(Invoker.java:816)
	at org.testng.internal.Invoker.invokeTestMethods(Invoker.java:1124)
	at org.testng.internal.TestMethodWorker.invokeTestMethods(TestMethodWorker.java:125)
	at org.testng.internal.TestMethodWorker.run(TestMethodWorker.java:108)
	at org.testng.TestRunner.privateRun(TestRunner.java:774)
	at org.testng.TestRunner.run(TestRunner.java:624)
	at org.testng.SuiteRunner.runTest(SuiteRunner.java:359)
	at org.testng.SuiteRunner.runSequentially(SuiteRunner.java:354)
	at org.testng.SuiteRunner.privateRun(SuiteRunner.java:312)
	at org.testng.SuiteRunner.run(SuiteRunner.java:261)
	at org.testng.SuiteRunnerWorker.runSuite(SuiteRunnerWorker.java:52)
	at org.testng.SuiteRunnerWorker.run(SuiteRunnerWorker.java:86)
	at org.testng.TestNG.runSuitesSequentially(TestNG.java:1215)
	at org.testng.TestNG.runSuitesLocally(TestNG.java:1140)
	at org.testng.TestNG.run(TestNG.java:1048)
	at org.testng.remote.AbstractRemoteTestNG.run(AbstractRemoteTestNG.java:132)
	at org.testng.remote.RemoteTestNG.initAndRun(RemoteTestNG.java:230)
	at org.testng.remote.RemoteTestNG.main(RemoteTestNG.java:76)
</pre></div></td>
<td>0</td>
<td>com.webirrse.testcode.IRR_YWCL_OR04@a67c67e</td></tr>
<tr>
<td title='com.webirrse.testcode.IRR_YWCL_OR04.bqbgwcl_wc()'><b>bqbgwcl_wc</b><br>Test class: com.webirrse.testcode.IRR_YWCL_OR04<br>Parameters: 11</td>
<td><div><pre>java.lang.AssertionError: C49评估期保全变更完成件数 expected [89] but found [95]
	at com.webirrse.testcode.IRR_YWCL_OR04.bqbgwcl_wc(IRR_YWCL_OR04.java:453)
... Removed 27 stack frames</pre></div><a href='#' onClick='toggleBox("stack-trace1962342964", this, "Click to show all stack frames", "Click to hide stack frames")'>Click to show all stack frames</a>
<div class='stack-trace' id='stack-trace1962342964'><pre>java.lang.AssertionError: C49评估期保全变更完成件数 expected [89] but found [95]
	at org.testng.Assert.fail(Assert.java:94)
	at org.testng.Assert.failNotEquals(Assert.java:496)
	at org.testng.Assert.assertEquals(Assert.java:125)
	at com.webirrse.testcode.IRR_YWCL_OR04.bqbgwcl_wc(IRR_YWCL_OR04.java:453)
	at sun.reflect.NativeMethodAccessorImpl.invoke0(Native Method)
	at sun.reflect.NativeMethodAccessorImpl.invoke(Unknown Source)
	at sun.reflect.DelegatingMethodAccessorImpl.invoke(Unknown Source)
	at java.lang.reflect.Method.invoke(Unknown Source)
	at org.testng.internal.MethodInvocationHelper.invokeMethod(MethodInvocationHelper.java:85)
	at org.testng.internal.Invoker.invokeMethod(Invoker.java:639)
	at org.testng.internal.Invoker.invokeTestMethod(Invoker.java:816)
	at org.testng.internal.Invoker.invokeTestMethods(Invoker.java:1124)
	at org.testng.internal.TestMethodWorker.invokeTestMethods(TestMethodWorker.java:125)
	at org.testng.internal.TestMethodWorker.run(TestMethodWorker.java:108)
	at org.testng.TestRunner.privateRun(TestRunner.java:774)
	at org.testng.TestRunner.run(TestRunner.java:624)
	at org.testng.SuiteRunner.runTest(SuiteRunner.java:359)
	at org.testng.SuiteRunner.runSequentially(SuiteRunner.java:354)
	at org.testng.SuiteRunner.privateRun(SuiteRunner.java:312)
	at org.testng.SuiteRunner.run(SuiteRunner.java:261)
	at org.testng.SuiteRunnerWorker.runSuite(SuiteRunnerWorker.java:52)
	at org.testng.SuiteRunnerWorker.run(SuiteRunnerWorker.java:86)
	at org.testng.TestNG.runSuitesSequentially(TestNG.java:1215)
	at org.testng.TestNG.runSuitesLocally(TestNG.java:1140)
	at org.testng.TestNG.run(TestNG.java:1048)
	at org.testng.remote.AbstractRemoteTestNG.run(AbstractRemoteTestNG.java:132)
	at org.testng.remote.RemoteTestNG.initAndRun(RemoteTestNG.java:230)
	at org.testng.remote.RemoteTestNG.main(RemoteTestNG.java:76)
</pre></div></td>
<td>0</td>
<td>com.webirrse.testcode.IRR_YWCL_OR04@a67c67e</td></tr>
<tr>
<td title='com.webirrse.testcode.IRR_YWCL_OR04.bqccl_ccs()'><b>bqccl_ccs</b><br>Test class: com.webirrse.testcode.IRR_YWCL_OR04<br>Parameters: 11</td>
<td><div><pre>java.lang.AssertionError: C63评估期内保全差错件总量 expected [0.0201] but found [0.01]
	at com.webirrse.testcode.IRR_YWCL_OR04.bqccl_ccs(IRR_YWCL_OR04.java:551)
... Removed 27 stack frames</pre></div><a href='#' onClick='toggleBox("stack-trace1297386215", this, "Click to show all stack frames", "Click to hide stack frames")'>Click to show all stack frames</a>
<div class='stack-trace' id='stack-trace1297386215'><pre>java.lang.AssertionError: C63评估期内保全差错件总量 expected [0.0201] but found [0.01]
	at org.testng.Assert.fail(Assert.java:94)
	at org.testng.Assert.failNotEquals(Assert.java:496)
	at org.testng.Assert.assertEquals(Assert.java:125)
	at com.webirrse.testcode.IRR_YWCL_OR04.bqccl_ccs(IRR_YWCL_OR04.java:551)
	at sun.reflect.NativeMethodAccessorImpl.invoke0(Native Method)
	at sun.reflect.NativeMethodAccessorImpl.invoke(Unknown Source)
	at sun.reflect.DelegatingMethodAccessorImpl.invoke(Unknown Source)
	at java.lang.reflect.Method.invoke(Unknown Source)
	at org.testng.internal.MethodInvocationHelper.invokeMethod(MethodInvocationHelper.java:85)
	at org.testng.internal.Invoker.invokeMethod(Invoker.java:639)
	at org.testng.internal.Invoker.invokeTestMethod(Invoker.java:816)
	at org.testng.internal.Invoker.invokeTestMethods(Invoker.java:1124)
	at org.testng.internal.TestMethodWorker.invokeTestMethods(TestMethodWorker.java:125)
	at org.testng.internal.TestMethodWorker.run(TestMethodWorker.java:108)
	at org.testng.TestRunner.privateRun(TestRunner.java:774)
	at org.testng.TestRunner.run(TestRunner.java:624)
	at org.testng.SuiteRunner.runTest(SuiteRunner.java:359)
	at org.testng.SuiteRunner.runSequentially(SuiteRunner.java:354)
	at org.testng.SuiteRunner.privateRun(SuiteRunner.java:312)
	at org.testng.SuiteRunner.run(SuiteRunner.java:261)
	at org.testng.SuiteRunnerWorker.runSuite(SuiteRunnerWorker.java:52)
	at org.testng.SuiteRunnerWorker.run(SuiteRunnerWorker.java:86)
	at org.testng.TestNG.runSuitesSequentially(TestNG.java:1215)
	at org.testng.TestNG.runSuitesLocally(TestNG.java:1140)
	at org.testng.TestNG.run(TestNG.java:1048)
	at org.testng.remote.AbstractRemoteTestNG.run(AbstractRemoteTestNG.java:132)
	at org.testng.remote.RemoteTestNG.initAndRun(RemoteTestNG.java:230)
	at org.testng.remote.RemoteTestNG.main(RemoteTestNG.java:76)
</pre></div></td>
<td>0</td>
<td>com.webirrse.testcode.IRR_YWCL_OR04@a67c67e</td></tr>
<tr>
<td title='com.webirrse.testcode.IRR_YWCL_OR04.bqccl_sxs()'><b>bqccl_sxs</b><br>Test class: com.webirrse.testcode.IRR_YWCL_OR04<br>Parameters: 11</td>
<td><div><pre>java.lang.AssertionError: C64评估期操作的确认生效的保全件总量 expected [201] but found [100]
	at com.webirrse.testcode.IRR_YWCL_OR04.bqccl_sxs(IRR_YWCL_OR04.java:558)
... Removed 27 stack frames</pre></div><a href='#' onClick='toggleBox("stack-trace18296135", this, "Click to show all stack frames", "Click to hide stack frames")'>Click to show all stack frames</a>
<div class='stack-trace' id='stack-trace18296135'><pre>java.lang.AssertionError: C64评估期操作的确认生效的保全件总量 expected [201] but found [100]
	at org.testng.Assert.fail(Assert.java:94)
	at org.testng.Assert.failNotEquals(Assert.java:496)
	at org.testng.Assert.assertEquals(Assert.java:125)
	at com.webirrse.testcode.IRR_YWCL_OR04.bqccl_sxs(IRR_YWCL_OR04.java:558)
	at sun.reflect.NativeMethodAccessorImpl.invoke0(Native Method)
	at sun.reflect.NativeMethodAccessorImpl.invoke(Unknown Source)
	at sun.reflect.DelegatingMethodAccessorImpl.invoke(Unknown Source)
	at java.lang.reflect.Method.invoke(Unknown Source)
	at org.testng.internal.MethodInvocationHelper.invokeMethod(MethodInvocationHelper.java:85)
	at org.testng.internal.Invoker.invokeMethod(Invoker.java:639)
	at org.testng.internal.Invoker.invokeTestMethod(Invoker.java:816)
	at org.testng.internal.Invoker.invokeTestMethods(Invoker.java:1124)
	at org.testng.internal.TestMethodWorker.invokeTestMethods(TestMethodWorker.java:125)
	at org.testng.internal.TestMethodWorker.run(TestMethodWorker.java:108)
	at org.testng.TestRunner.privateRun(TestRunner.java:774)
	at org.testng.TestRunner.run(TestRunner.java:624)
	at org.testng.SuiteRunner.runTest(SuiteRunner.java:359)
	at org.testng.SuiteRunner.runSequentially(SuiteRunner.java:354)
	at org.testng.SuiteRunner.privateRun(SuiteRunner.java:312)
	at org.testng.SuiteRunner.run(SuiteRunner.java:261)
	at org.testng.SuiteRunnerWorker.runSuite(SuiteRunnerWorker.java:52)
	at org.testng.SuiteRunnerWorker.run(SuiteRunnerWorker.java:86)
	at org.testng.TestNG.runSuitesSequentially(TestNG.java:1215)
	at org.testng.TestNG.runSuitesLocally(TestNG.java:1140)
	at org.testng.TestNG.run(TestNG.java:1048)
	at org.testng.remote.AbstractRemoteTestNG.run(AbstractRemoteTestNG.java:132)
	at org.testng.remote.RemoteTestNG.initAndRun(RemoteTestNG.java:230)
	at org.testng.remote.RemoteTestNG.main(RemoteTestNG.java:76)
</pre></div></td>
<td>0</td>
<td>com.webirrse.testcode.IRR_YWCL_OR04@a67c67e</td></tr>
<tr>
<td title='com.webirrse.testcode.IRR_YWCL_OR04.bqglfx_jg()'><b>bqglfx_jg</b><br>Test class: com.webirrse.testcode.IRR_YWCL_OR04<br>Parameters: 11</td>
<td><div><pre>java.lang.AssertionError: C67最近4个季度监管部门检查发现保全管理操作风险事件的次数 expected [6] but found [0]
	at com.webirrse.testcode.IRR_YWCL_OR04.bqglfx_jg(IRR_YWCL_OR04.java:579)
... Removed 27 stack frames</pre></div><a href='#' onClick='toggleBox("stack-trace1630353202", this, "Click to show all stack frames", "Click to hide stack frames")'>Click to show all stack frames</a>
<div class='stack-trace' id='stack-trace1630353202'><pre>java.lang.AssertionError: C67最近4个季度监管部门检查发现保全管理操作风险事件的次数 expected [6] but found [0]
	at org.testng.Assert.fail(Assert.java:94)
	at org.testng.Assert.failNotEquals(Assert.java:496)
	at org.testng.Assert.assertEquals(Assert.java:125)
	at com.webirrse.testcode.IRR_YWCL_OR04.bqglfx_jg(IRR_YWCL_OR04.java:579)
	at sun.reflect.NativeMethodAccessorImpl.invoke0(Native Method)
	at sun.reflect.NativeMethodAccessorImpl.invoke(Unknown Source)
	at sun.reflect.DelegatingMethodAccessorImpl.invoke(Unknown Source)
	at java.lang.reflect.Method.invoke(Unknown Source)
	at org.testng.internal.MethodInvocationHelper.invokeMethod(MethodInvocationHelper.java:85)
	at org.testng.internal.Invoker.invokeMethod(Invoker.java:639)
	at org.testng.internal.Invoker.invokeTestMethod(Invoker.java:816)
	at org.testng.internal.Invoker.invokeTestMethods(Invoker.java:1124)
	at org.testng.internal.TestMethodWorker.invokeTestMethods(TestMethodWorker.java:125)
	at org.testng.internal.TestMethodWorker.run(TestMethodWorker.java:108)
	at org.testng.TestRunner.privateRun(TestRunner.java:774)
	at org.testng.TestRunner.run(TestRunner.java:624)
	at org.testng.SuiteRunner.runTest(SuiteRunner.java:359)
	at org.testng.SuiteRunner.runSequentially(SuiteRunner.java:354)
	at org.testng.SuiteRunner.privateRun(SuiteRunner.java:312)
	at org.testng.SuiteRunner.run(SuiteRunner.java:261)
	at org.testng.SuiteRunnerWorker.runSuite(SuiteRunnerWorker.java:52)
	at org.testng.SuiteRunnerWorker.run(SuiteRunnerWorker.java:86)
	at org.testng.TestNG.runSuitesSequentially(TestNG.java:1215)
	at org.testng.TestNG.runSuitesLocally(TestNG.java:1140)
	at org.testng.TestNG.run(TestNG.java:1048)
	at org.testng.remote.AbstractRemoteTestNG.run(AbstractRemoteTestNG.java:132)
	at org.testng.remote.RemoteTestNG.initAndRun(RemoteTestNG.java:230)
	at org.testng.remote.RemoteTestNG.main(RemoteTestNG.java:76)
</pre></div></td>
<td>0</td>
<td>com.webirrse.testcode.IRR_YWCL_OR04@a67c67e</td></tr>
<tr>
<td title='com.webirrse.testcode.IRR_YWCL_OR04.bqglfx_zc()'><b>bqglfx_zc</b><br>Test class: com.webirrse.testcode.IRR_YWCL_OR04<br>Parameters: 11</td>
<td><div><pre>java.lang.AssertionError: C66最近4个季度公司自查发现保全管理操作风险事件的次数 expected [1|评估期，保单质押贷款均通过银行转账支付至投保人银行账户] but found [2|其他情况]
	at com.webirrse.testcode.IRR_YWCL_OR04.bqglfx_zc(IRR_YWCL_OR04.java:572)
... Removed 27 stack frames</pre></div><a href='#' onClick='toggleBox("stack-trace1226630338", this, "Click to show all stack frames", "Click to hide stack frames")'>Click to show all stack frames</a>
<div class='stack-trace' id='stack-trace1226630338'><pre>java.lang.AssertionError: C66最近4个季度公司自查发现保全管理操作风险事件的次数 expected [1|评估期，保单质押贷款均通过银行转账支付至投保人银行账户] but found [2|其他情况]
	at org.testng.Assert.fail(Assert.java:94)
	at org.testng.Assert.failNotEquals(Assert.java:496)
	at org.testng.Assert.assertEquals(Assert.java:125)
	at com.webirrse.testcode.IRR_YWCL_OR04.bqglfx_zc(IRR_YWCL_OR04.java:572)
	at sun.reflect.NativeMethodAccessorImpl.invoke0(Native Method)
	at sun.reflect.NativeMethodAccessorImpl.invoke(Unknown Source)
	at sun.reflect.DelegatingMethodAccessorImpl.invoke(Unknown Source)
	at java.lang.reflect.Method.invoke(Unknown Source)
	at org.testng.internal.MethodInvocationHelper.invokeMethod(MethodInvocationHelper.java:85)
	at org.testng.internal.Invoker.invokeMethod(Invoker.java:639)
	at org.testng.internal.Invoker.invokeTestMethod(Invoker.java:816)
	at org.testng.internal.Invoker.invokeTestMethods(Invoker.java:1124)
	at org.testng.internal.TestMethodWorker.invokeTestMethods(TestMethodWorker.java:125)
	at org.testng.internal.TestMethodWorker.run(TestMethodWorker.java:108)
	at org.testng.TestRunner.privateRun(TestRunner.java:774)
	at org.testng.TestRunner.run(TestRunner.java:624)
	at org.testng.SuiteRunner.runTest(SuiteRunner.java:359)
	at org.testng.SuiteRunner.runSequentially(SuiteRunner.java:354)
	at org.testng.SuiteRunner.privateRun(SuiteRunner.java:312)
	at org.testng.SuiteRunner.run(SuiteRunner.java:261)
	at org.testng.SuiteRunnerWorker.runSuite(SuiteRunnerWorker.java:52)
	at org.testng.SuiteRunnerWorker.run(SuiteRunnerWorker.java:86)
	at org.testng.TestNG.runSuitesSequentially(TestNG.java:1215)
	at org.testng.TestNG.runSuitesLocally(TestNG.java:1140)
	at org.testng.TestNG.run(TestNG.java:1048)
	at org.testng.remote.AbstractRemoteTestNG.run(AbstractRemoteTestNG.java:132)
	at org.testng.remote.RemoteTestNG.initAndRun(RemoteTestNG.java:230)
	at org.testng.remote.RemoteTestNG.main(RemoteTestNG.java:76)
</pre></div></td>
<td>0</td>
<td>com.webirrse.testcode.IRR_YWCL_OR04@a67c67e</td></tr>
<tr>
<td title='com.webirrse.testcode.IRR_YWCL_OR04.cbbfx()'><b>cbbfx</b><br>Test class: com.webirrse.testcode.IRR_YWCL_OR04<br>Parameters: 11</td>
<td><div><pre>java.lang.AssertionError: C34承保标的风险评估情况 expected [1|公司建立了保险标的生调、体检等核验和风险评估制度，并能严格按制度规定展开核验] but found [2|其他情况]
	at com.webirrse.testcode.IRR_YWCL_OR04.cbbfx(IRR_YWCL_OR04.java:348)
... Removed 27 stack frames</pre></div><a href='#' onClick='toggleBox("stack-trace679418543", this, "Click to show all stack frames", "Click to hide stack frames")'>Click to show all stack frames</a>
<div class='stack-trace' id='stack-trace679418543'><pre>java.lang.AssertionError: C34承保标的风险评估情况 expected [1|公司建立了保险标的生调、体检等核验和风险评估制度，并能严格按制度规定展开核验] but found [2|其他情况]
	at org.testng.Assert.fail(Assert.java:94)
	at org.testng.Assert.failNotEquals(Assert.java:496)
	at org.testng.Assert.assertEquals(Assert.java:125)
	at com.webirrse.testcode.IRR_YWCL_OR04.cbbfx(IRR_YWCL_OR04.java:348)
	at sun.reflect.NativeMethodAccessorImpl.invoke0(Native Method)
	at sun.reflect.NativeMethodAccessorImpl.invoke(Unknown Source)
	at sun.reflect.DelegatingMethodAccessorImpl.invoke(Unknown Source)
	at java.lang.reflect.Method.invoke(Unknown Source)
	at org.testng.internal.MethodInvocationHelper.invokeMethod(MethodInvocationHelper.java:85)
	at org.testng.internal.Invoker.invokeMethod(Invoker.java:639)
	at org.testng.internal.Invoker.invokeTestMethod(Invoker.java:816)
	at org.testng.internal.Invoker.invokeTestMethods(Invoker.java:1124)
	at org.testng.internal.TestMethodWorker.invokeTestMethods(TestMethodWorker.java:125)
	at org.testng.internal.TestMethodWorker.run(TestMethodWorker.java:108)
	at org.testng.TestRunner.privateRun(TestRunner.java:774)
	at org.testng.TestRunner.run(TestRunner.java:624)
	at org.testng.SuiteRunner.runTest(SuiteRunner.java:359)
	at org.testng.SuiteRunner.runSequentially(SuiteRunner.java:354)
	at org.testng.SuiteRunner.privateRun(SuiteRunner.java:312)
	at org.testng.SuiteRunner.run(SuiteRunner.java:261)
	at org.testng.SuiteRunnerWorker.runSuite(SuiteRunnerWorker.java:52)
	at org.testng.SuiteRunnerWorker.run(SuiteRunnerWorker.java:86)
	at org.testng.TestNG.runSuitesSequentially(TestNG.java:1215)
	at org.testng.TestNG.runSuitesLocally(TestNG.java:1140)
	at org.testng.TestNG.run(TestNG.java:1048)
	at org.testng.remote.AbstractRemoteTestNG.run(AbstractRemoteTestNG.java:132)
	at org.testng.remote.RemoteTestNG.initAndRun(RemoteTestNG.java:230)
	at org.testng.remote.RemoteTestNG.main(RemoteTestNG.java:76)
</pre></div></td>
<td>0</td>
<td>com.webirrse.testcode.IRR_YWCL_OR04@a67c67e</td></tr>
<tr>
<td title='com.webirrse.testcode.IRR_YWCL_OR04.cbglfx_jg()'><b>cbglfx_jg</b><br>Test class: com.webirrse.testcode.IRR_YWCL_OR04<br>Parameters: 11</td>
<td><div><pre>java.lang.AssertionError: C44最近4个季度监管部门发现承保管理操作风险事件次数 expected [2] but found [1]
	at com.webirrse.testcode.IRR_YWCL_OR04.cbglfx_jg(IRR_YWCL_OR04.java:418)
... Removed 27 stack frames</pre></div><a href='#' onClick='toggleBox("stack-trace2005204864", this, "Click to show all stack frames", "Click to hide stack frames")'>Click to show all stack frames</a>
<div class='stack-trace' id='stack-trace2005204864'><pre>java.lang.AssertionError: C44最近4个季度监管部门发现承保管理操作风险事件次数 expected [2] but found [1]
	at org.testng.Assert.fail(Assert.java:94)
	at org.testng.Assert.failNotEquals(Assert.java:496)
	at org.testng.Assert.assertEquals(Assert.java:125)
	at com.webirrse.testcode.IRR_YWCL_OR04.cbglfx_jg(IRR_YWCL_OR04.java:418)
	at sun.reflect.NativeMethodAccessorImpl.invoke0(Native Method)
	at sun.reflect.NativeMethodAccessorImpl.invoke(Unknown Source)
	at sun.reflect.DelegatingMethodAccessorImpl.invoke(Unknown Source)
	at java.lang.reflect.Method.invoke(Unknown Source)
	at org.testng.internal.MethodInvocationHelper.invokeMethod(MethodInvocationHelper.java:85)
	at org.testng.internal.Invoker.invokeMethod(Invoker.java:639)
	at org.testng.internal.Invoker.invokeTestMethod(Invoker.java:816)
	at org.testng.internal.Invoker.invokeTestMethods(Invoker.java:1124)
	at org.testng.internal.TestMethodWorker.invokeTestMethods(TestMethodWorker.java:125)
	at org.testng.internal.TestMethodWorker.run(TestMethodWorker.java:108)
	at org.testng.TestRunner.privateRun(TestRunner.java:774)
	at org.testng.TestRunner.run(TestRunner.java:624)
	at org.testng.SuiteRunner.runTest(SuiteRunner.java:359)
	at org.testng.SuiteRunner.runSequentially(SuiteRunner.java:354)
	at org.testng.SuiteRunner.privateRun(SuiteRunner.java:312)
	at org.testng.SuiteRunner.run(SuiteRunner.java:261)
	at org.testng.SuiteRunnerWorker.runSuite(SuiteRunnerWorker.java:52)
	at org.testng.SuiteRunnerWorker.run(SuiteRunnerWorker.java:86)
	at org.testng.TestNG.runSuitesSequentially(TestNG.java:1215)
	at org.testng.TestNG.runSuitesLocally(TestNG.java:1140)
	at org.testng.TestNG.run(TestNG.java:1048)
	at org.testng.remote.AbstractRemoteTestNG.run(AbstractRemoteTestNG.java:132)
	at org.testng.remote.RemoteTestNG.initAndRun(RemoteTestNG.java:230)
	at org.testng.remote.RemoteTestNG.main(RemoteTestNG.java:76)
</pre></div></td>
<td>0</td>
<td>com.webirrse.testcode.IRR_YWCL_OR04@a67c67e</td></tr>
<tr>
<td title='com.webirrse.testcode.IRR_YWCL_OR04.cbglfx_zc()'><b>cbglfx_zc</b><br>Test class: com.webirrse.testcode.IRR_YWCL_OR04<br>Parameters: 11</td>
<td><div><pre>java.lang.AssertionError: C43最近4个季度公司自查发现承保管理操作风险事件次数 expected [6] but found [0]
	at com.webirrse.testcode.IRR_YWCL_OR04.cbglfx_zc(IRR_YWCL_OR04.java:411)
... Removed 27 stack frames</pre></div><a href='#' onClick='toggleBox("stack-trace1771173138", this, "Click to show all stack frames", "Click to hide stack frames")'>Click to show all stack frames</a>
<div class='stack-trace' id='stack-trace1771173138'><pre>java.lang.AssertionError: C43最近4个季度公司自查发现承保管理操作风险事件次数 expected [6] but found [0]
	at org.testng.Assert.fail(Assert.java:94)
	at org.testng.Assert.failNotEquals(Assert.java:496)
	at org.testng.Assert.assertEquals(Assert.java:125)
	at com.webirrse.testcode.IRR_YWCL_OR04.cbglfx_zc(IRR_YWCL_OR04.java:411)
	at sun.reflect.NativeMethodAccessorImpl.invoke0(Native Method)
	at sun.reflect.NativeMethodAccessorImpl.invoke(Unknown Source)
	at sun.reflect.DelegatingMethodAccessorImpl.invoke(Unknown Source)
	at java.lang.reflect.Method.invoke(Unknown Source)
	at org.testng.internal.MethodInvocationHelper.invokeMethod(MethodInvocationHelper.java:85)
	at org.testng.internal.Invoker.invokeMethod(Invoker.java:639)
	at org.testng.internal.Invoker.invokeTestMethod(Invoker.java:816)
	at org.testng.internal.Invoker.invokeTestMethods(Invoker.java:1124)
	at org.testng.internal.TestMethodWorker.invokeTestMethods(TestMethodWorker.java:125)
	at org.testng.internal.TestMethodWorker.run(TestMethodWorker.java:108)
	at org.testng.TestRunner.privateRun(TestRunner.java:774)
	at org.testng.TestRunner.run(TestRunner.java:624)
	at org.testng.SuiteRunner.runTest(SuiteRunner.java:359)
	at org.testng.SuiteRunner.runSequentially(SuiteRunner.java:354)
	at org.testng.SuiteRunner.privateRun(SuiteRunner.java:312)
	at org.testng.SuiteRunner.run(SuiteRunner.java:261)
	at org.testng.SuiteRunnerWorker.runSuite(SuiteRunnerWorker.java:52)
	at org.testng.SuiteRunnerWorker.run(SuiteRunnerWorker.java:86)
	at org.testng.TestNG.runSuitesSequentially(TestNG.java:1215)
	at org.testng.TestNG.runSuitesLocally(TestNG.java:1140)
	at org.testng.TestNG.run(TestNG.java:1048)
	at org.testng.remote.AbstractRemoteTestNG.run(AbstractRemoteTestNG.java:132)
	at org.testng.remote.RemoteTestNG.initAndRun(RemoteTestNG.java:230)
	at org.testng.remote.RemoteTestNG.main(RemoteTestNG.java:76)
</pre></div></td>
<td>0</td>
<td>com.webirrse.testcode.IRR_YWCL_OR04@a67c67e</td></tr>
<tr>
<td title='com.webirrse.testcode.IRR_YWCL_OR04.dlxxlcl()'><b>dlxxlcl</b><br>Test class: com.webirrse.testcode.IRR_YWCL_OR04<br>Parameters: 11</td>
<td><div><pre>java.lang.AssertionError: C25代理制销售人员13个月留存率 expected [1] but found [0.01]
	at com.webirrse.testcode.IRR_YWCL_OR04.dlxxlcl(IRR_YWCL_OR04.java:284)
... Removed 27 stack frames</pre></div><a href='#' onClick='toggleBox("stack-trace488170925", this, "Click to show all stack frames", "Click to hide stack frames")'>Click to show all stack frames</a>
<div class='stack-trace' id='stack-trace488170925'><pre>java.lang.AssertionError: C25代理制销售人员13个月留存率 expected [1] but found [0.01]
	at org.testng.Assert.fail(Assert.java:94)
	at org.testng.Assert.failNotEquals(Assert.java:496)
	at org.testng.Assert.assertEquals(Assert.java:125)
	at com.webirrse.testcode.IRR_YWCL_OR04.dlxxlcl(IRR_YWCL_OR04.java:284)
	at sun.reflect.NativeMethodAccessorImpl.invoke0(Native Method)
	at sun.reflect.NativeMethodAccessorImpl.invoke(Unknown Source)
	at sun.reflect.DelegatingMethodAccessorImpl.invoke(Unknown Source)
	at java.lang.reflect.Method.invoke(Unknown Source)
	at org.testng.internal.MethodInvocationHelper.invokeMethod(MethodInvocationHelper.java:85)
	at org.testng.internal.Invoker.invokeMethod(Invoker.java:639)
	at org.testng.internal.Invoker.invokeTestMethod(Invoker.java:816)
	at org.testng.internal.Invoker.invokeTestMethods(Invoker.java:1124)
	at org.testng.internal.TestMethodWorker.invokeTestMethods(TestMethodWorker.java:125)
	at org.testng.internal.TestMethodWorker.run(TestMethodWorker.java:108)
	at org.testng.TestRunner.privateRun(TestRunner.java:774)
	at org.testng.TestRunner.run(TestRunner.java:624)
	at org.testng.SuiteRunner.runTest(SuiteRunner.java:359)
	at org.testng.SuiteRunner.runSequentially(SuiteRunner.java:354)
	at org.testng.SuiteRunner.privateRun(SuiteRunner.java:312)
	at org.testng.SuiteRunner.run(SuiteRunner.java:261)
	at org.testng.SuiteRunnerWorker.runSuite(SuiteRunnerWorker.java:52)
	at org.testng.SuiteRunnerWorker.run(SuiteRunnerWorker.java:86)
	at org.testng.TestNG.runSuitesSequentially(TestNG.java:1215)
	at org.testng.TestNG.runSuitesLocally(TestNG.java:1140)
	at org.testng.TestNG.run(TestNG.java:1048)
	at org.testng.remote.AbstractRemoteTestNG.run(AbstractRemoteTestNG.java:132)
	at org.testng.remote.RemoteTestNG.initAndRun(RemoteTestNG.java:230)
	at org.testng.remote.RemoteTestNG.main(RemoteTestNG.java:76)
</pre></div></td>
<td>0</td>
<td>com.webirrse.testcode.IRR_YWCL_OR04@a67c67e</td></tr>
<tr>
<td title='com.webirrse.testcode.IRR_YWCL_OR04.dlxxlcl_pgzz()'><b>dlxxlcl_pgzz</b><br>Test class: com.webirrse.testcode.IRR_YWCL_OR04<br>Parameters: 11</td>
<td><div><pre>java.lang.AssertionError: C26评估期期末前13个月已入职且评估期在职代理制销售人员数 expected [100] but found [1]
	at com.webirrse.testcode.IRR_YWCL_OR04.dlxxlcl_pgzz(IRR_YWCL_OR04.java:291)
... Removed 27 stack frames</pre></div><a href='#' onClick='toggleBox("stack-trace214974969", this, "Click to show all stack frames", "Click to hide stack frames")'>Click to show all stack frames</a>
<div class='stack-trace' id='stack-trace214974969'><pre>java.lang.AssertionError: C26评估期期末前13个月已入职且评估期在职代理制销售人员数 expected [100] but found [1]
	at org.testng.Assert.fail(Assert.java:94)
	at org.testng.Assert.failNotEquals(Assert.java:496)
	at org.testng.Assert.assertEquals(Assert.java:125)
	at com.webirrse.testcode.IRR_YWCL_OR04.dlxxlcl_pgzz(IRR_YWCL_OR04.java:291)
	at sun.reflect.NativeMethodAccessorImpl.invoke0(Native Method)
	at sun.reflect.NativeMethodAccessorImpl.invoke(Unknown Source)
	at sun.reflect.DelegatingMethodAccessorImpl.invoke(Unknown Source)
	at java.lang.reflect.Method.invoke(Unknown Source)
	at org.testng.internal.MethodInvocationHelper.invokeMethod(MethodInvocationHelper.java:85)
	at org.testng.internal.Invoker.invokeMethod(Invoker.java:639)
	at org.testng.internal.Invoker.invokeTestMethod(Invoker.java:816)
	at org.testng.internal.Invoker.invokeTestMethods(Invoker.java:1124)
	at org.testng.internal.TestMethodWorker.invokeTestMethods(TestMethodWorker.java:125)
	at org.testng.internal.TestMethodWorker.run(TestMethodWorker.java:108)
	at org.testng.TestRunner.privateRun(TestRunner.java:774)
	at org.testng.TestRunner.run(TestRunner.java:624)
	at org.testng.SuiteRunner.runTest(SuiteRunner.java:359)
	at org.testng.SuiteRunner.runSequentially(SuiteRunner.java:354)
	at org.testng.SuiteRunner.privateRun(SuiteRunner.java:312)
	at org.testng.SuiteRunner.run(SuiteRunner.java:261)
	at org.testng.SuiteRunnerWorker.runSuite(SuiteRunnerWorker.java:52)
	at org.testng.SuiteRunnerWorker.run(SuiteRunnerWorker.java:86)
	at org.testng.TestNG.runSuitesSequentially(TestNG.java:1215)
	at org.testng.TestNG.runSuitesLocally(TestNG.java:1140)
	at org.testng.TestNG.run(TestNG.java:1048)
	at org.testng.remote.AbstractRemoteTestNG.run(AbstractRemoteTestNG.java:132)
	at org.testng.remote.RemoteTestNG.initAndRun(RemoteTestNG.java:230)
	at org.testng.remote.RemoteTestNG.main(RemoteTestNG.java:76)
</pre></div></td>
<td>0</td>
<td>com.webirrse.testcode.IRR_YWCL_OR04@a67c67e</td></tr>
<tr>
<td title='com.webirrse.testcode.IRR_YWCL_OR04.fxqfx_cf()'><b>fxqfx_cf</b><br>Test class: com.webirrse.testcode.IRR_YWCL_OR04<br>Parameters: 11</td>
<td><div><pre>java.lang.AssertionError: C41最近4个季度公司因反洗钱工作被监管部门处罚次数 expected [2] but found [0]
	at com.webirrse.testcode.IRR_YWCL_OR04.fxqfx_cf(IRR_YWCL_OR04.java:397)
... Removed 27 stack frames</pre></div><a href='#' onClick='toggleBox("stack-trace1165853144", this, "Click to show all stack frames", "Click to hide stack frames")'>Click to show all stack frames</a>
<div class='stack-trace' id='stack-trace1165853144'><pre>java.lang.AssertionError: C41最近4个季度公司因反洗钱工作被监管部门处罚次数 expected [2] but found [0]
	at org.testng.Assert.fail(Assert.java:94)
	at org.testng.Assert.failNotEquals(Assert.java:496)
	at org.testng.Assert.assertEquals(Assert.java:125)
	at com.webirrse.testcode.IRR_YWCL_OR04.fxqfx_cf(IRR_YWCL_OR04.java:397)
	at sun.reflect.NativeMethodAccessorImpl.invoke0(Native Method)
	at sun.reflect.NativeMethodAccessorImpl.invoke(Unknown Source)
	at sun.reflect.DelegatingMethodAccessorImpl.invoke(Unknown Source)
	at java.lang.reflect.Method.invoke(Unknown Source)
	at org.testng.internal.MethodInvocationHelper.invokeMethod(MethodInvocationHelper.java:85)
	at org.testng.internal.Invoker.invokeMethod(Invoker.java:639)
	at org.testng.internal.Invoker.invokeTestMethod(Invoker.java:816)
	at org.testng.internal.Invoker.invokeTestMethods(Invoker.java:1124)
	at org.testng.internal.TestMethodWorker.invokeTestMethods(TestMethodWorker.java:125)
	at org.testng.internal.TestMethodWorker.run(TestMethodWorker.java:108)
	at org.testng.TestRunner.privateRun(TestRunner.java:774)
	at org.testng.TestRunner.run(TestRunner.java:624)
	at org.testng.SuiteRunner.runTest(SuiteRunner.java:359)
	at org.testng.SuiteRunner.runSequentially(SuiteRunner.java:354)
	at org.testng.SuiteRunner.privateRun(SuiteRunner.java:312)
	at org.testng.SuiteRunner.run(SuiteRunner.java:261)
	at org.testng.SuiteRunnerWorker.runSuite(SuiteRunnerWorker.java:52)
	at org.testng.SuiteRunnerWorker.run(SuiteRunnerWorker.java:86)
	at org.testng.TestNG.runSuitesSequentially(TestNG.java:1215)
	at org.testng.TestNG.runSuitesLocally(TestNG.java:1140)
	at org.testng.TestNG.run(TestNG.java:1048)
	at org.testng.remote.AbstractRemoteTestNG.run(AbstractRemoteTestNG.java:132)
	at org.testng.remote.RemoteTestNG.initAndRun(RemoteTestNG.java:230)
	at org.testng.remote.RemoteTestNG.main(RemoteTestNG.java:76)
</pre></div></td>
<td>0</td>
<td>com.webirrse.testcode.IRR_YWCL_OR04@a67c67e</td></tr>
<tr>
<td title='com.webirrse.testcode.IRR_YWCL_OR04.fzrpxcs()'><b>fzrpxcs</b><br>Test class: com.webirrse.testcode.IRR_YWCL_OR04<br>Parameters: 11</td>
<td><div><pre>java.lang.AssertionError: C14最近4个季度部门负责人培训次数 expected [0] but found [3]
	at com.webirrse.testcode.IRR_YWCL_OR04.fzrpxcs(IRR_YWCL_OR04.java:207)
... Removed 27 stack frames</pre></div><a href='#' onClick='toggleBox("stack-trace74585221", this, "Click to show all stack frames", "Click to hide stack frames")'>Click to show all stack frames</a>
<div class='stack-trace' id='stack-trace74585221'><pre>java.lang.AssertionError: C14最近4个季度部门负责人培训次数 expected [0] but found [3]
	at org.testng.Assert.fail(Assert.java:94)
	at org.testng.Assert.failNotEquals(Assert.java:496)
	at org.testng.Assert.assertEquals(Assert.java:125)
	at com.webirrse.testcode.IRR_YWCL_OR04.fzrpxcs(IRR_YWCL_OR04.java:207)
	at sun.reflect.NativeMethodAccessorImpl.invoke0(Native Method)
	at sun.reflect.NativeMethodAccessorImpl.invoke(Unknown Source)
	at sun.reflect.DelegatingMethodAccessorImpl.invoke(Unknown Source)
	at java.lang.reflect.Method.invoke(Unknown Source)
	at org.testng.internal.MethodInvocationHelper.invokeMethod(MethodInvocationHelper.java:85)
	at org.testng.internal.Invoker.invokeMethod(Invoker.java:639)
	at org.testng.internal.Invoker.invokeTestMethod(Invoker.java:816)
	at org.testng.internal.Invoker.invokeTestMethods(Invoker.java:1124)
	at org.testng.internal.TestMethodWorker.invokeTestMethods(TestMethodWorker.java:125)
	at org.testng.internal.TestMethodWorker.run(TestMethodWorker.java:108)
	at org.testng.TestRunner.privateRun(TestRunner.java:774)
	at org.testng.TestRunner.run(TestRunner.java:624)
	at org.testng.SuiteRunner.runTest(SuiteRunner.java:359)
	at org.testng.SuiteRunner.runSequentially(SuiteRunner.java:354)
	at org.testng.SuiteRunner.privateRun(SuiteRunner.java:312)
	at org.testng.SuiteRunner.run(SuiteRunner.java:261)
	at org.testng.SuiteRunnerWorker.runSuite(SuiteRunnerWorker.java:52)
	at org.testng.SuiteRunnerWorker.run(SuiteRunnerWorker.java:86)
	at org.testng.TestNG.runSuitesSequentially(TestNG.java:1215)
	at org.testng.TestNG.runSuitesLocally(TestNG.java:1140)
	at org.testng.TestNG.run(TestNG.java:1048)
	at org.testng.remote.AbstractRemoteTestNG.run(AbstractRemoteTestNG.java:132)
	at org.testng.remote.RemoteTestNG.initAndRun(RemoteTestNG.java:230)
	at org.testng.remote.RemoteTestNG.main(RemoteTestNG.java:76)
</pre></div></td>
<td>0</td>
<td>com.webirrse.testcode.IRR_YWCL_OR04@a67c67e</td></tr>
<tr>
<td title='com.webirrse.testcode.IRR_YWCL_OR04.glclzl()'><b>glclzl</b><br>Test class: com.webirrse.testcode.IRR_YWCL_OR04<br>Parameters: 11</td>
<td><div><pre>java.lang.AssertionError: C4管理层离职率错误 expected [0.51] but found [0.3]
	at com.webirrse.testcode.IRR_YWCL_OR04.glclzl(IRR_YWCL_OR04.java:134)
... Removed 27 stack frames</pre></div><a href='#' onClick='toggleBox("stack-trace1701133730", this, "Click to show all stack frames", "Click to hide stack frames")'>Click to show all stack frames</a>
<div class='stack-trace' id='stack-trace1701133730'><pre>java.lang.AssertionError: C4管理层离职率错误 expected [0.51] but found [0.3]
	at org.testng.Assert.fail(Assert.java:94)
	at org.testng.Assert.failNotEquals(Assert.java:496)
	at org.testng.Assert.assertEquals(Assert.java:125)
	at com.webirrse.testcode.IRR_YWCL_OR04.glclzl(IRR_YWCL_OR04.java:134)
	at sun.reflect.NativeMethodAccessorImpl.invoke0(Native Method)
	at sun.reflect.NativeMethodAccessorImpl.invoke(Unknown Source)
	at sun.reflect.DelegatingMethodAccessorImpl.invoke(Unknown Source)
	at java.lang.reflect.Method.invoke(Unknown Source)
	at org.testng.internal.MethodInvocationHelper.invokeMethod(MethodInvocationHelper.java:85)
	at org.testng.internal.Invoker.invokeMethod(Invoker.java:639)
	at org.testng.internal.Invoker.invokeTestMethod(Invoker.java:816)
	at org.testng.internal.Invoker.invokeTestMethods(Invoker.java:1124)
	at org.testng.internal.TestMethodWorker.invokeTestMethods(TestMethodWorker.java:125)
	at org.testng.internal.TestMethodWorker.run(TestMethodWorker.java:108)
	at org.testng.TestRunner.privateRun(TestRunner.java:774)
	at org.testng.TestRunner.run(TestRunner.java:624)
	at org.testng.SuiteRunner.runTest(SuiteRunner.java:359)
	at org.testng.SuiteRunner.runSequentially(SuiteRunner.java:354)
	at org.testng.SuiteRunner.privateRun(SuiteRunner.java:312)
	at org.testng.SuiteRunner.run(SuiteRunner.java:261)
	at org.testng.SuiteRunnerWorker.runSuite(SuiteRunnerWorker.java:52)
	at org.testng.SuiteRunnerWorker.run(SuiteRunnerWorker.java:86)
	at org.testng.TestNG.runSuitesSequentially(TestNG.java:1215)
	at org.testng.TestNG.runSuitesLocally(TestNG.java:1140)
	at org.testng.TestNG.run(TestNG.java:1048)
	at org.testng.remote.AbstractRemoteTestNG.run(AbstractRemoteTestNG.java:132)
	at org.testng.remote.RemoteTestNG.initAndRun(RemoteTestNG.java:230)
	at org.testng.remote.RemoteTestNG.main(RemoteTestNG.java:76)
</pre></div></td>
<td>0</td>
<td>com.webirrse.testcode.IRR_YWCL_OR04@a67c67e</td></tr>
<tr>
<td title='com.webirrse.testcode.IRR_YWCL_OR04.glclzl_lz()'><b>glclzl_lz</b><br>Test class: com.webirrse.testcode.IRR_YWCL_OR04<br>Parameters: 11</td>
<td><div><pre>java.lang.AssertionError: C5最近4个季度省级分公司总经理室成员及中心支公司主要负责人离职人数错误 expected [51] but found [30]
	at com.webirrse.testcode.IRR_YWCL_OR04.glclzl_lz(IRR_YWCL_OR04.java:142)
... Removed 27 stack frames</pre></div><a href='#' onClick='toggleBox("stack-trace130147689", this, "Click to show all stack frames", "Click to hide stack frames")'>Click to show all stack frames</a>
<div class='stack-trace' id='stack-trace130147689'><pre>java.lang.AssertionError: C5最近4个季度省级分公司总经理室成员及中心支公司主要负责人离职人数错误 expected [51] but found [30]
	at org.testng.Assert.fail(Assert.java:94)
	at org.testng.Assert.failNotEquals(Assert.java:496)
	at org.testng.Assert.assertEquals(Assert.java:125)
	at com.webirrse.testcode.IRR_YWCL_OR04.glclzl_lz(IRR_YWCL_OR04.java:142)
	at sun.reflect.NativeMethodAccessorImpl.invoke0(Native Method)
	at sun.reflect.NativeMethodAccessorImpl.invoke(Unknown Source)
	at sun.reflect.DelegatingMethodAccessorImpl.invoke(Unknown Source)
	at java.lang.reflect.Method.invoke(Unknown Source)
	at org.testng.internal.MethodInvocationHelper.invokeMethod(MethodInvocationHelper.java:85)
	at org.testng.internal.Invoker.invokeMethod(Invoker.java:639)
	at org.testng.internal.Invoker.invokeTestMethod(Invoker.java:816)
	at org.testng.internal.Invoker.invokeTestMethods(Invoker.java:1124)
	at org.testng.internal.TestMethodWorker.invokeTestMethods(TestMethodWorker.java:125)
	at org.testng.internal.TestMethodWorker.run(TestMethodWorker.java:108)
	at org.testng.TestRunner.privateRun(TestRunner.java:774)
	at org.testng.TestRunner.run(TestRunner.java:624)
	at org.testng.SuiteRunner.runTest(SuiteRunner.java:359)
	at org.testng.SuiteRunner.runSequentially(SuiteRunner.java:354)
	at org.testng.SuiteRunner.privateRun(SuiteRunner.java:312)
	at org.testng.SuiteRunner.run(SuiteRunner.java:261)
	at org.testng.SuiteRunnerWorker.runSuite(SuiteRunnerWorker.java:52)
	at org.testng.SuiteRunnerWorker.run(SuiteRunnerWorker.java:86)
	at org.testng.TestNG.runSuitesSequentially(TestNG.java:1215)
	at org.testng.TestNG.runSuitesLocally(TestNG.java:1140)
	at org.testng.TestNG.run(TestNG.java:1048)
	at org.testng.remote.AbstractRemoteTestNG.run(AbstractRemoteTestNG.java:132)
	at org.testng.remote.RemoteTestNG.initAndRun(RemoteTestNG.java:230)
	at org.testng.remote.RemoteTestNG.main(RemoteTestNG.java:76)
</pre></div></td>
<td>0</td>
<td>com.webirrse.testcode.IRR_YWCL_OR04@a67c67e</td></tr>
<tr>
<td title='com.webirrse.testcode.IRR_YWCL_OR04.glclzl_zz()'><b>glclzl_zz</b><br>Test class: com.webirrse.testcode.IRR_YWCL_OR04<br>Parameters: 11</td>
<td><div><pre>java.lang.AssertionError: C6评估期期末省级分公司总经理室成员及中心支公司主要负责人在职人数错误 expected [49] but found [70]
	at com.webirrse.testcode.IRR_YWCL_OR04.glclzl_zz(IRR_YWCL_OR04.java:150)
... Removed 27 stack frames</pre></div><a href='#' onClick='toggleBox("stack-trace476305710", this, "Click to show all stack frames", "Click to hide stack frames")'>Click to show all stack frames</a>
<div class='stack-trace' id='stack-trace476305710'><pre>java.lang.AssertionError: C6评估期期末省级分公司总经理室成员及中心支公司主要负责人在职人数错误 expected [49] but found [70]
	at org.testng.Assert.fail(Assert.java:94)
	at org.testng.Assert.failNotEquals(Assert.java:496)
	at org.testng.Assert.assertEquals(Assert.java:125)
	at com.webirrse.testcode.IRR_YWCL_OR04.glclzl_zz(IRR_YWCL_OR04.java:150)
	at sun.reflect.NativeMethodAccessorImpl.invoke0(Native Method)
	at sun.reflect.NativeMethodAccessorImpl.invoke(Unknown Source)
	at sun.reflect.DelegatingMethodAccessorImpl.invoke(Unknown Source)
	at java.lang.reflect.Method.invoke(Unknown Source)
	at org.testng.internal.MethodInvocationHelper.invokeMethod(MethodInvocationHelper.java:85)
	at org.testng.internal.Invoker.invokeMethod(Invoker.java:639)
	at org.testng.internal.Invoker.invokeTestMethod(Invoker.java:816)
	at org.testng.internal.Invoker.invokeTestMethods(Invoker.java:1124)
	at org.testng.internal.TestMethodWorker.invokeTestMethods(TestMethodWorker.java:125)
	at org.testng.internal.TestMethodWorker.run(TestMethodWorker.java:108)
	at org.testng.TestRunner.privateRun(TestRunner.java:774)
	at org.testng.TestRunner.run(TestRunner.java:624)
	at org.testng.SuiteRunner.runTest(SuiteRunner.java:359)
	at org.testng.SuiteRunner.runSequentially(SuiteRunner.java:354)
	at org.testng.SuiteRunner.privateRun(SuiteRunner.java:312)
	at org.testng.SuiteRunner.run(SuiteRunner.java:261)
	at org.testng.SuiteRunnerWorker.runSuite(SuiteRunnerWorker.java:52)
	at org.testng.SuiteRunnerWorker.run(SuiteRunnerWorker.java:86)
	at org.testng.TestNG.runSuitesSequentially(TestNG.java:1215)
	at org.testng.TestNG.runSuitesLocally(TestNG.java:1140)
	at org.testng.TestNG.run(TestNG.java:1048)
	at org.testng.remote.AbstractRemoteTestNG.run(AbstractRemoteTestNG.java:132)
	at org.testng.remote.RemoteTestNG.initAndRun(RemoteTestNG.java:230)
	at org.testng.remote.RemoteTestNG.main(RemoteTestNG.java:76)
</pre></div></td>
<td>0</td>
<td>com.webirrse.testcode.IRR_YWCL_OR04@a67c67e</td></tr>
<tr>
<td title='com.webirrse.testcode.IRR_YWCL_OR04.qyhfl()'><b>qyhfl</b><br>Test class: com.webirrse.testcode.IRR_YWCL_OR04<br>Parameters: 11</td>
<td><div><pre>java.lang.AssertionError: C38新契约回访完成率 expected [0.89] but found [0.99]
	at com.webirrse.testcode.IRR_YWCL_OR04.qyhfl(IRR_YWCL_OR04.java:376)
... Removed 27 stack frames</pre></div><a href='#' onClick='toggleBox("stack-trace466298113", this, "Click to show all stack frames", "Click to hide stack frames")'>Click to show all stack frames</a>
<div class='stack-trace' id='stack-trace466298113'><pre>java.lang.AssertionError: C38新契约回访完成率 expected [0.89] but found [0.99]
	at org.testng.Assert.fail(Assert.java:94)
	at org.testng.Assert.failNotEquals(Assert.java:496)
	at org.testng.Assert.assertEquals(Assert.java:125)
	at com.webirrse.testcode.IRR_YWCL_OR04.qyhfl(IRR_YWCL_OR04.java:376)
	at sun.reflect.NativeMethodAccessorImpl.invoke0(Native Method)
	at sun.reflect.NativeMethodAccessorImpl.invoke(Unknown Source)
	at sun.reflect.DelegatingMethodAccessorImpl.invoke(Unknown Source)
	at java.lang.reflect.Method.invoke(Unknown Source)
	at org.testng.internal.MethodInvocationHelper.invokeMethod(MethodInvocationHelper.java:85)
	at org.testng.internal.Invoker.invokeMethod(Invoker.java:639)
	at org.testng.internal.Invoker.invokeTestMethod(Invoker.java:816)
	at org.testng.internal.Invoker.invokeTestMethods(Invoker.java:1124)
	at org.testng.internal.TestMethodWorker.invokeTestMethods(TestMethodWorker.java:125)
	at org.testng.internal.TestMethodWorker.run(TestMethodWorker.java:108)
	at org.testng.TestRunner.privateRun(TestRunner.java:774)
	at org.testng.TestRunner.run(TestRunner.java:624)
	at org.testng.SuiteRunner.runTest(SuiteRunner.java:359)
	at org.testng.SuiteRunner.runSequentially(SuiteRunner.java:354)
	at org.testng.SuiteRunner.privateRun(SuiteRunner.java:312)
	at org.testng.SuiteRunner.run(SuiteRunner.java:261)
	at org.testng.SuiteRunnerWorker.runSuite(SuiteRunnerWorker.java:52)
	at org.testng.SuiteRunnerWorker.run(SuiteRunnerWorker.java:86)
	at org.testng.TestNG.runSuitesSequentially(TestNG.java:1215)
	at org.testng.TestNG.runSuitesLocally(TestNG.java:1140)
	at org.testng.TestNG.run(TestNG.java:1048)
	at org.testng.remote.AbstractRemoteTestNG.run(AbstractRemoteTestNG.java:132)
	at org.testng.remote.RemoteTestNG.initAndRun(RemoteTestNG.java:230)
	at org.testng.remote.RemoteTestNG.main(RemoteTestNG.java:76)
</pre></div></td>
<td>0</td>
<td>com.webirrse.testcode.IRR_YWCL_OR04@a67c67e</td></tr>
<tr>
<td title='com.webirrse.testcode.IRR_YWCL_OR04.qyhfl_hfs()'><b>qyhfl_hfs</b><br>Test class: com.webirrse.testcode.IRR_YWCL_OR04<br>Parameters: 11</td>
<td><div><pre>java.lang.AssertionError: C39评估期内承保的保单中完成回访的保单件数 expected [89] but found [99]
	at com.webirrse.testcode.IRR_YWCL_OR04.qyhfl_hfs(IRR_YWCL_OR04.java:383)
... Removed 27 stack frames</pre></div><a href='#' onClick='toggleBox("stack-trace390839950", this, "Click to show all stack frames", "Click to hide stack frames")'>Click to show all stack frames</a>
<div class='stack-trace' id='stack-trace390839950'><pre>java.lang.AssertionError: C39评估期内承保的保单中完成回访的保单件数 expected [89] but found [99]
	at org.testng.Assert.fail(Assert.java:94)
	at org.testng.Assert.failNotEquals(Assert.java:496)
	at org.testng.Assert.assertEquals(Assert.java:125)
	at com.webirrse.testcode.IRR_YWCL_OR04.qyhfl_hfs(IRR_YWCL_OR04.java:383)
	at sun.reflect.NativeMethodAccessorImpl.invoke0(Native Method)
	at sun.reflect.NativeMethodAccessorImpl.invoke(Unknown Source)
	at sun.reflect.DelegatingMethodAccessorImpl.invoke(Unknown Source)
	at java.lang.reflect.Method.invoke(Unknown Source)
	at org.testng.internal.MethodInvocationHelper.invokeMethod(MethodInvocationHelper.java:85)
	at org.testng.internal.Invoker.invokeMethod(Invoker.java:639)
	at org.testng.internal.Invoker.invokeTestMethod(Invoker.java:816)
	at org.testng.internal.Invoker.invokeTestMethods(Invoker.java:1124)
	at org.testng.internal.TestMethodWorker.invokeTestMethods(TestMethodWorker.java:125)
	at org.testng.internal.TestMethodWorker.run(TestMethodWorker.java:108)
	at org.testng.TestRunner.privateRun(TestRunner.java:774)
	at org.testng.TestRunner.run(TestRunner.java:624)
	at org.testng.SuiteRunner.runTest(SuiteRunner.java:359)
	at org.testng.SuiteRunner.runSequentially(SuiteRunner.java:354)
	at org.testng.SuiteRunner.privateRun(SuiteRunner.java:312)
	at org.testng.SuiteRunner.run(SuiteRunner.java:261)
	at org.testng.SuiteRunnerWorker.runSuite(SuiteRunnerWorker.java:52)
	at org.testng.SuiteRunnerWorker.run(SuiteRunnerWorker.java:86)
	at org.testng.TestNG.runSuitesSequentially(TestNG.java:1215)
	at org.testng.TestNG.runSuitesLocally(TestNG.java:1140)
	at org.testng.TestNG.run(TestNG.java:1048)
	at org.testng.remote.AbstractRemoteTestNG.run(AbstractRemoteTestNG.java:132)
	at org.testng.remote.RemoteTestNG.initAndRun(RemoteTestNG.java:230)
	at org.testng.remote.RemoteTestNG.main(RemoteTestNG.java:76)
</pre></div></td>
<td>0</td>
<td>com.webirrse.testcode.IRR_YWCL_OR04@a67c67e</td></tr>
<tr>
<td title='com.webirrse.testcode.IRR_YWCL_OR04.qzbdtsl()'><b>qzbdtsl</b><br>Test class: com.webirrse.testcode.IRR_YWCL_OR04<br>Parameters: 11</td>
<td><div><pre>java.lang.AssertionError: C22千张保单投诉量 expected [6] but found [3]
	at com.webirrse.testcode.IRR_YWCL_OR04.qzbdtsl(IRR_YWCL_OR04.java:263)
... Removed 27 stack frames</pre></div><a href='#' onClick='toggleBox("stack-trace562220412", this, "Click to show all stack frames", "Click to hide stack frames")'>Click to show all stack frames</a>
<div class='stack-trace' id='stack-trace562220412'><pre>java.lang.AssertionError: C22千张保单投诉量 expected [6] but found [3]
	at org.testng.Assert.fail(Assert.java:94)
	at org.testng.Assert.failNotEquals(Assert.java:496)
	at org.testng.Assert.assertEquals(Assert.java:125)
	at com.webirrse.testcode.IRR_YWCL_OR04.qzbdtsl(IRR_YWCL_OR04.java:263)
	at sun.reflect.NativeMethodAccessorImpl.invoke0(Native Method)
	at sun.reflect.NativeMethodAccessorImpl.invoke(Unknown Source)
	at sun.reflect.DelegatingMethodAccessorImpl.invoke(Unknown Source)
	at java.lang.reflect.Method.invoke(Unknown Source)
	at org.testng.internal.MethodInvocationHelper.invokeMethod(MethodInvocationHelper.java:85)
	at org.testng.internal.Invoker.invokeMethod(Invoker.java:639)
	at org.testng.internal.Invoker.invokeTestMethod(Invoker.java:816)
	at org.testng.internal.Invoker.invokeTestMethods(Invoker.java:1124)
	at org.testng.internal.TestMethodWorker.invokeTestMethods(TestMethodWorker.java:125)
	at org.testng.internal.TestMethodWorker.run(TestMethodWorker.java:108)
	at org.testng.TestRunner.privateRun(TestRunner.java:774)
	at org.testng.TestRunner.run(TestRunner.java:624)
	at org.testng.SuiteRunner.runTest(SuiteRunner.java:359)
	at org.testng.SuiteRunner.runSequentially(SuiteRunner.java:354)
	at org.testng.SuiteRunner.privateRun(SuiteRunner.java:312)
	at org.testng.SuiteRunner.run(SuiteRunner.java:261)
	at org.testng.SuiteRunnerWorker.runSuite(SuiteRunnerWorker.java:52)
	at org.testng.SuiteRunnerWorker.run(SuiteRunnerWorker.java:86)
	at org.testng.TestNG.runSuitesSequentially(TestNG.java:1215)
	at org.testng.TestNG.runSuitesLocally(TestNG.java:1140)
	at org.testng.TestNG.run(TestNG.java:1048)
	at org.testng.remote.AbstractRemoteTestNG.run(AbstractRemoteTestNG.java:132)
	at org.testng.remote.RemoteTestNG.initAndRun(RemoteTestNG.java:230)
	at org.testng.remote.RemoteTestNG.main(RemoteTestNG.java:76)
</pre></div></td>
<td>0</td>
<td>com.webirrse.testcode.IRR_YWCL_OR04@a67c67e</td></tr>
<tr>
<td title='com.webirrse.testcode.IRR_YWCL_OR04.qzbdtsl_tss()'><b>qzbdtsl_tss</b><br>Test class: com.webirrse.testcode.IRR_YWCL_OR04<br>Parameters: 11</td>
<td><div><pre>java.lang.AssertionError: C23评估期公司受理的有效投诉件数总量 expected [6] but found [3]
	at com.webirrse.testcode.IRR_YWCL_OR04.qzbdtsl_tss(IRR_YWCL_OR04.java:270)
... Removed 27 stack frames</pre></div><a href='#' onClick='toggleBox("stack-trace982547576", this, "Click to show all stack frames", "Click to hide stack frames")'>Click to show all stack frames</a>
<div class='stack-trace' id='stack-trace982547576'><pre>java.lang.AssertionError: C23评估期公司受理的有效投诉件数总量 expected [6] but found [3]
	at org.testng.Assert.fail(Assert.java:94)
	at org.testng.Assert.failNotEquals(Assert.java:496)
	at org.testng.Assert.assertEquals(Assert.java:125)
	at com.webirrse.testcode.IRR_YWCL_OR04.qzbdtsl_tss(IRR_YWCL_OR04.java:270)
	at sun.reflect.NativeMethodAccessorImpl.invoke0(Native Method)
	at sun.reflect.NativeMethodAccessorImpl.invoke(Unknown Source)
	at sun.reflect.DelegatingMethodAccessorImpl.invoke(Unknown Source)
	at java.lang.reflect.Method.invoke(Unknown Source)
	at org.testng.internal.MethodInvocationHelper.invokeMethod(MethodInvocationHelper.java:85)
	at org.testng.internal.Invoker.invokeMethod(Invoker.java:639)
	at org.testng.internal.Invoker.invokeTestMethod(Invoker.java:816)
	at org.testng.internal.Invoker.invokeTestMethods(Invoker.java:1124)
	at org.testng.internal.TestMethodWorker.invokeTestMethods(TestMethodWorker.java:125)
	at org.testng.internal.TestMethodWorker.run(TestMethodWorker.java:108)
	at org.testng.TestRunner.privateRun(TestRunner.java:774)
	at org.testng.TestRunner.run(TestRunner.java:624)
	at org.testng.SuiteRunner.runTest(SuiteRunner.java:359)
	at org.testng.SuiteRunner.runSequentially(SuiteRunner.java:354)
	at org.testng.SuiteRunner.privateRun(SuiteRunner.java:312)
	at org.testng.SuiteRunner.run(SuiteRunner.java:261)
	at org.testng.SuiteRunnerWorker.runSuite(SuiteRunnerWorker.java:52)
	at org.testng.SuiteRunnerWorker.run(SuiteRunnerWorker.java:86)
	at org.testng.TestNG.runSuitesSequentially(TestNG.java:1215)
	at org.testng.TestNG.runSuitesLocally(TestNG.java:1140)
	at org.testng.TestNG.run(TestNG.java:1048)
	at org.testng.remote.AbstractRemoteTestNG.run(AbstractRemoteTestNG.java:132)
	at org.testng.remote.RemoteTestNG.initAndRun(RemoteTestNG.java:230)
	at org.testng.remote.RemoteTestNG.main(RemoteTestNG.java:76)
</pre></div></td>
<td>0</td>
<td>com.webirrse.testcode.IRR_YWCL_OR04@a67c67e</td></tr>
<tr>
<td title='com.webirrse.testcode.IRR_YWCL_OR04.tbl()'><b>tbl</b><br>Test class: com.webirrse.testcode.IRR_YWCL_OR04<br>Parameters: 11</td>
<td><div><pre>java.lang.AssertionError: C52退（撤）保率 expected [0.11] but found [0.05]
	at com.webirrse.testcode.IRR_YWCL_OR04.tbl(IRR_YWCL_OR04.java:474)
... Removed 27 stack frames</pre></div><a href='#' onClick='toggleBox("stack-trace1298670930", this, "Click to show all stack frames", "Click to hide stack frames")'>Click to show all stack frames</a>
<div class='stack-trace' id='stack-trace1298670930'><pre>java.lang.AssertionError: C52退（撤）保率 expected [0.11] but found [0.05]
	at org.testng.Assert.fail(Assert.java:94)
	at org.testng.Assert.failNotEquals(Assert.java:496)
	at org.testng.Assert.assertEquals(Assert.java:125)
	at com.webirrse.testcode.IRR_YWCL_OR04.tbl(IRR_YWCL_OR04.java:474)
	at sun.reflect.NativeMethodAccessorImpl.invoke0(Native Method)
	at sun.reflect.NativeMethodAccessorImpl.invoke(Unknown Source)
	at sun.reflect.DelegatingMethodAccessorImpl.invoke(Unknown Source)
	at java.lang.reflect.Method.invoke(Unknown Source)
	at org.testng.internal.MethodInvocationHelper.invokeMethod(MethodInvocationHelper.java:85)
	at org.testng.internal.Invoker.invokeMethod(Invoker.java:639)
	at org.testng.internal.Invoker.invokeTestMethod(Invoker.java:816)
	at org.testng.internal.Invoker.invokeTestMethods(Invoker.java:1124)
	at org.testng.internal.TestMethodWorker.invokeTestMethods(TestMethodWorker.java:125)
	at org.testng.internal.TestMethodWorker.run(TestMethodWorker.java:108)
	at org.testng.TestRunner.privateRun(TestRunner.java:774)
	at org.testng.TestRunner.run(TestRunner.java:624)
	at org.testng.SuiteRunner.runTest(SuiteRunner.java:359)
	at org.testng.SuiteRunner.runSequentially(SuiteRunner.java:354)
	at org.testng.SuiteRunner.privateRun(SuiteRunner.java:312)
	at org.testng.SuiteRunner.run(SuiteRunner.java:261)
	at org.testng.SuiteRunnerWorker.runSuite(SuiteRunnerWorker.java:52)
	at org.testng.SuiteRunnerWorker.run(SuiteRunnerWorker.java:86)
	at org.testng.TestNG.runSuitesSequentially(TestNG.java:1215)
	at org.testng.TestNG.runSuitesLocally(TestNG.java:1140)
	at org.testng.TestNG.run(TestNG.java:1048)
	at org.testng.remote.AbstractRemoteTestNG.run(AbstractRemoteTestNG.java:132)
	at org.testng.remote.RemoteTestNG.initAndRun(RemoteTestNG.java:230)
	at org.testng.remote.RemoteTestNG.main(RemoteTestNG.java:76)
</pre></div></td>
<td>0</td>
<td>com.webirrse.testcode.IRR_YWCL_OR04@a67c67e</td></tr>
<tr>
<td title='com.webirrse.testcode.IRR_YWCL_OR04.tbl_cb()'><b>tbl_cb</b><br>Test class: com.webirrse.testcode.IRR_YWCL_OR04<br>Parameters: 11</td>
<td><div><pre>java.lang.AssertionError: C53评估期本期合计撤保金总额 expected [9] but found [3]
	at com.webirrse.testcode.IRR_YWCL_OR04.tbl_cb(IRR_YWCL_OR04.java:481)
... Removed 27 stack frames</pre></div><a href='#' onClick='toggleBox("stack-trace1627727453", this, "Click to show all stack frames", "Click to hide stack frames")'>Click to show all stack frames</a>
<div class='stack-trace' id='stack-trace1627727453'><pre>java.lang.AssertionError: C53评估期本期合计撤保金总额 expected [9] but found [3]
	at org.testng.Assert.fail(Assert.java:94)
	at org.testng.Assert.failNotEquals(Assert.java:496)
	at org.testng.Assert.assertEquals(Assert.java:125)
	at com.webirrse.testcode.IRR_YWCL_OR04.tbl_cb(IRR_YWCL_OR04.java:481)
	at sun.reflect.NativeMethodAccessorImpl.invoke0(Native Method)
	at sun.reflect.NativeMethodAccessorImpl.invoke(Unknown Source)
	at sun.reflect.DelegatingMethodAccessorImpl.invoke(Unknown Source)
	at java.lang.reflect.Method.invoke(Unknown Source)
	at org.testng.internal.MethodInvocationHelper.invokeMethod(MethodInvocationHelper.java:85)
	at org.testng.internal.Invoker.invokeMethod(Invoker.java:639)
	at org.testng.internal.Invoker.invokeTestMethod(Invoker.java:816)
	at org.testng.internal.Invoker.invokeTestMethods(Invoker.java:1124)
	at org.testng.internal.TestMethodWorker.invokeTestMethods(TestMethodWorker.java:125)
	at org.testng.internal.TestMethodWorker.run(TestMethodWorker.java:108)
	at org.testng.TestRunner.privateRun(TestRunner.java:774)
	at org.testng.TestRunner.run(TestRunner.java:624)
	at org.testng.SuiteRunner.runTest(SuiteRunner.java:359)
	at org.testng.SuiteRunner.runSequentially(SuiteRunner.java:354)
	at org.testng.SuiteRunner.privateRun(SuiteRunner.java:312)
	at org.testng.SuiteRunner.run(SuiteRunner.java:261)
	at org.testng.SuiteRunnerWorker.runSuite(SuiteRunnerWorker.java:52)
	at org.testng.SuiteRunnerWorker.run(SuiteRunnerWorker.java:86)
	at org.testng.TestNG.runSuitesSequentially(TestNG.java:1215)
	at org.testng.TestNG.runSuitesLocally(TestNG.java:1140)
	at org.testng.TestNG.run(TestNG.java:1048)
	at org.testng.remote.AbstractRemoteTestNG.run(AbstractRemoteTestNG.java:132)
	at org.testng.remote.RemoteTestNG.initAndRun(RemoteTestNG.java:230)
	at org.testng.remote.RemoteTestNG.main(RemoteTestNG.java:76)
</pre></div></td>
<td>0</td>
<td>com.webirrse.testcode.IRR_YWCL_OR04@a67c67e</td></tr>
<tr>
<td title='com.webirrse.testcode.IRR_YWCL_OR04.xqsfl()'><b>xqsfl</b><br>Test class: com.webirrse.testcode.IRR_YWCL_OR04<br>Parameters: 11</td>
<td><div><pre>java.lang.AssertionError: C45续期收费率 expected [0.79] but found [0.9]
	at com.webirrse.testcode.IRR_YWCL_OR04.xqsfl(IRR_YWCL_OR04.java:425)
... Removed 27 stack frames</pre></div><a href='#' onClick='toggleBox("stack-trace1710995238", this, "Click to show all stack frames", "Click to hide stack frames")'>Click to show all stack frames</a>
<div class='stack-trace' id='stack-trace1710995238'><pre>java.lang.AssertionError: C45续期收费率 expected [0.79] but found [0.9]
	at org.testng.Assert.fail(Assert.java:94)
	at org.testng.Assert.failNotEquals(Assert.java:496)
	at org.testng.Assert.assertEquals(Assert.java:125)
	at com.webirrse.testcode.IRR_YWCL_OR04.xqsfl(IRR_YWCL_OR04.java:425)
	at sun.reflect.NativeMethodAccessorImpl.invoke0(Native Method)
	at sun.reflect.NativeMethodAccessorImpl.invoke(Unknown Source)
	at sun.reflect.DelegatingMethodAccessorImpl.invoke(Unknown Source)
	at java.lang.reflect.Method.invoke(Unknown Source)
	at org.testng.internal.MethodInvocationHelper.invokeMethod(MethodInvocationHelper.java:85)
	at org.testng.internal.Invoker.invokeMethod(Invoker.java:639)
	at org.testng.internal.Invoker.invokeTestMethod(Invoker.java:816)
	at org.testng.internal.Invoker.invokeTestMethods(Invoker.java:1124)
	at org.testng.internal.TestMethodWorker.invokeTestMethods(TestMethodWorker.java:125)
	at org.testng.internal.TestMethodWorker.run(TestMethodWorker.java:108)
	at org.testng.TestRunner.privateRun(TestRunner.java:774)
	at org.testng.TestRunner.run(TestRunner.java:624)
	at org.testng.SuiteRunner.runTest(SuiteRunner.java:359)
	at org.testng.SuiteRunner.runSequentially(SuiteRunner.java:354)
	at org.testng.SuiteRunner.privateRun(SuiteRunner.java:312)
	at org.testng.SuiteRunner.run(SuiteRunner.java:261)
	at org.testng.SuiteRunnerWorker.runSuite(SuiteRunnerWorker.java:52)
	at org.testng.SuiteRunnerWorker.run(SuiteRunnerWorker.java:86)
	at org.testng.TestNG.runSuitesSequentially(TestNG.java:1215)
	at org.testng.TestNG.runSuitesLocally(TestNG.java:1140)
	at org.testng.TestNG.run(TestNG.java:1048)
	at org.testng.remote.AbstractRemoteTestNG.run(AbstractRemoteTestNG.java:132)
	at org.testng.remote.RemoteTestNG.initAndRun(RemoteTestNG.java:230)
	at org.testng.remote.RemoteTestNG.main(RemoteTestNG.java:76)
</pre></div></td>
<td>0</td>
<td>com.webirrse.testcode.IRR_YWCL_OR04@a67c67e</td></tr>
<tr>
<td title='com.webirrse.testcode.IRR_YWCL_OR04.xqsfl_ss()'><b>xqsfl_ss</b><br>Test class: com.webirrse.testcode.IRR_YWCL_OR04<br>Parameters: 11</td>
<td><div><pre>java.lang.AssertionError: C46评估期本期应收实收保费 expected [79] but found [90]
	at com.webirrse.testcode.IRR_YWCL_OR04.xqsfl_ss(IRR_YWCL_OR04.java:432)
... Removed 27 stack frames</pre></div><a href='#' onClick='toggleBox("stack-trace2079806069", this, "Click to show all stack frames", "Click to hide stack frames")'>Click to show all stack frames</a>
<div class='stack-trace' id='stack-trace2079806069'><pre>java.lang.AssertionError: C46评估期本期应收实收保费 expected [79] but found [90]
	at org.testng.Assert.fail(Assert.java:94)
	at org.testng.Assert.failNotEquals(Assert.java:496)
	at org.testng.Assert.assertEquals(Assert.java:125)
	at com.webirrse.testcode.IRR_YWCL_OR04.xqsfl_ss(IRR_YWCL_OR04.java:432)
	at sun.reflect.NativeMethodAccessorImpl.invoke0(Native Method)
	at sun.reflect.NativeMethodAccessorImpl.invoke(Unknown Source)
	at sun.reflect.DelegatingMethodAccessorImpl.invoke(Unknown Source)
	at java.lang.reflect.Method.invoke(Unknown Source)
	at org.testng.internal.MethodInvocationHelper.invokeMethod(MethodInvocationHelper.java:85)
	at org.testng.internal.Invoker.invokeMethod(Invoker.java:639)
	at org.testng.internal.Invoker.invokeTestMethod(Invoker.java:816)
	at org.testng.internal.Invoker.invokeTestMethods(Invoker.java:1124)
	at org.testng.internal.TestMethodWorker.invokeTestMethods(TestMethodWorker.java:125)
	at org.testng.internal.TestMethodWorker.run(TestMethodWorker.java:108)
	at org.testng.TestRunner.privateRun(TestRunner.java:774)
	at org.testng.TestRunner.run(TestRunner.java:624)
	at org.testng.SuiteRunner.runTest(SuiteRunner.java:359)
	at org.testng.SuiteRunner.runSequentially(SuiteRunner.java:354)
	at org.testng.SuiteRunner.privateRun(SuiteRunner.java:312)
	at org.testng.SuiteRunner.run(SuiteRunner.java:261)
	at org.testng.SuiteRunnerWorker.runSuite(SuiteRunnerWorker.java:52)
	at org.testng.SuiteRunnerWorker.run(SuiteRunnerWorker.java:86)
	at org.testng.TestNG.runSuitesSequentially(TestNG.java:1215)
	at org.testng.TestNG.runSuitesLocally(TestNG.java:1140)
	at org.testng.TestNG.run(TestNG.java:1048)
	at org.testng.remote.AbstractRemoteTestNG.run(AbstractRemoteTestNG.java:132)
	at org.testng.remote.RemoteTestNG.initAndRun(RemoteTestNG.java:230)
	at org.testng.remote.RemoteTestNG.main(RemoteTestNG.java:76)
</pre></div></td>
<td>0</td>
<td>com.webirrse.testcode.IRR_YWCL_OR04@a67c67e</td></tr>
<tr>
<td title='com.webirrse.testcode.IRR_YWCL_OR04.xsglfx_zc()'><b>xsglfx_zc</b><br>Test class: com.webirrse.testcode.IRR_YWCL_OR04<br>Parameters: 11</td>
<td><div><pre>java.lang.AssertionError: C32最近4个季度公司自查发现存在销售人员管理操作风险事件的次数 expected [2] but found [0]
	at com.webirrse.testcode.IRR_YWCL_OR04.xsglfx_zc(IRR_YWCL_OR04.java:334)
... Removed 27 stack frames</pre></div><a href='#' onClick='toggleBox("stack-trace126419337", this, "Click to show all stack frames", "Click to hide stack frames")'>Click to show all stack frames</a>
<div class='stack-trace' id='stack-trace126419337'><pre>java.lang.AssertionError: C32最近4个季度公司自查发现存在销售人员管理操作风险事件的次数 expected [2] but found [0]
	at org.testng.Assert.fail(Assert.java:94)
	at org.testng.Assert.failNotEquals(Assert.java:496)
	at org.testng.Assert.assertEquals(Assert.java:125)
	at com.webirrse.testcode.IRR_YWCL_OR04.xsglfx_zc(IRR_YWCL_OR04.java:334)
	at sun.reflect.NativeMethodAccessorImpl.invoke0(Native Method)
	at sun.reflect.NativeMethodAccessorImpl.invoke(Unknown Source)
	at sun.reflect.DelegatingMethodAccessorImpl.invoke(Unknown Source)
	at java.lang.reflect.Method.invoke(Unknown Source)
	at org.testng.internal.MethodInvocationHelper.invokeMethod(MethodInvocationHelper.java:85)
	at org.testng.internal.Invoker.invokeMethod(Invoker.java:639)
	at org.testng.internal.Invoker.invokeTestMethod(Invoker.java:816)
	at org.testng.internal.Invoker.invokeTestMethods(Invoker.java:1124)
	at org.testng.internal.TestMethodWorker.invokeTestMethods(TestMethodWorker.java:125)
	at org.testng.internal.TestMethodWorker.run(TestMethodWorker.java:108)
	at org.testng.TestRunner.privateRun(TestRunner.java:774)
	at org.testng.TestRunner.run(TestRunner.java:624)
	at org.testng.SuiteRunner.runTest(SuiteRunner.java:359)
	at org.testng.SuiteRunner.runSequentially(SuiteRunner.java:354)
	at org.testng.SuiteRunner.privateRun(SuiteRunner.java:312)
	at org.testng.SuiteRunner.run(SuiteRunner.java:261)
	at org.testng.SuiteRunnerWorker.runSuite(SuiteRunnerWorker.java:52)
	at org.testng.SuiteRunnerWorker.run(SuiteRunnerWorker.java:86)
	at org.testng.TestNG.runSuitesSequentially(TestNG.java:1215)
	at org.testng.TestNG.runSuitesLocally(TestNG.java:1140)
	at org.testng.TestNG.run(TestNG.java:1048)
	at org.testng.remote.AbstractRemoteTestNG.run(AbstractRemoteTestNG.java:132)
	at org.testng.remote.RemoteTestNG.initAndRun(RemoteTestNG.java:230)
	at org.testng.remote.RemoteTestNG.main(RemoteTestNG.java:76)
</pre></div></td>
<td>0</td>
<td>com.webirrse.testcode.IRR_YWCL_OR04@a67c67e</td></tr>
<tr>
<td title='com.webirrse.testcode.IRR_YWCL_OR04.yglsl()'><b>yglsl</b><br>Test class: com.webirrse.testcode.IRR_YWCL_OR04<br>Parameters: 11</td>
<td><div><pre>java.lang.AssertionError: C10员工流失率 expected [0.31] but found [0.15]
	at com.webirrse.testcode.IRR_YWCL_OR04.yglsl(IRR_YWCL_OR04.java:179)
... Removed 27 stack frames</pre></div><a href='#' onClick='toggleBox("stack-trace435964064", this, "Click to show all stack frames", "Click to hide stack frames")'>Click to show all stack frames</a>
<div class='stack-trace' id='stack-trace435964064'><pre>java.lang.AssertionError: C10员工流失率 expected [0.31] but found [0.15]
	at org.testng.Assert.fail(Assert.java:94)
	at org.testng.Assert.failNotEquals(Assert.java:496)
	at org.testng.Assert.assertEquals(Assert.java:125)
	at com.webirrse.testcode.IRR_YWCL_OR04.yglsl(IRR_YWCL_OR04.java:179)
	at sun.reflect.NativeMethodAccessorImpl.invoke0(Native Method)
	at sun.reflect.NativeMethodAccessorImpl.invoke(Unknown Source)
	at sun.reflect.DelegatingMethodAccessorImpl.invoke(Unknown Source)
	at java.lang.reflect.Method.invoke(Unknown Source)
	at org.testng.internal.MethodInvocationHelper.invokeMethod(MethodInvocationHelper.java:85)
	at org.testng.internal.Invoker.invokeMethod(Invoker.java:639)
	at org.testng.internal.Invoker.invokeTestMethod(Invoker.java:816)
	at org.testng.internal.Invoker.invokeTestMethods(Invoker.java:1124)
	at org.testng.internal.TestMethodWorker.invokeTestMethods(TestMethodWorker.java:125)
	at org.testng.internal.TestMethodWorker.run(TestMethodWorker.java:108)
	at org.testng.TestRunner.privateRun(TestRunner.java:774)
	at org.testng.TestRunner.run(TestRunner.java:624)
	at org.testng.SuiteRunner.runTest(SuiteRunner.java:359)
	at org.testng.SuiteRunner.runSequentially(SuiteRunner.java:354)
	at org.testng.SuiteRunner.privateRun(SuiteRunner.java:312)
	at org.testng.SuiteRunner.run(SuiteRunner.java:261)
	at org.testng.SuiteRunnerWorker.runSuite(SuiteRunnerWorker.java:52)
	at org.testng.SuiteRunnerWorker.run(SuiteRunnerWorker.java:86)
	at org.testng.TestNG.runSuitesSequentially(TestNG.java:1215)
	at org.testng.TestNG.runSuitesLocally(TestNG.java:1140)
	at org.testng.TestNG.run(TestNG.java:1048)
	at org.testng.remote.AbstractRemoteTestNG.run(AbstractRemoteTestNG.java:132)
	at org.testng.remote.RemoteTestNG.initAndRun(RemoteTestNG.java:230)
	at org.testng.remote.RemoteTestNG.main(RemoteTestNG.java:76)
</pre></div></td>
<td>0</td>
<td>com.webirrse.testcode.IRR_YWCL_OR04@a67c67e</td></tr>
<tr>
<td title='com.webirrse.testcode.IRR_YWCL_OR04.yglsl_lz()'><b>yglsl_lz</b><br>Test class: com.webirrse.testcode.IRR_YWCL_OR04<br>Parameters: 11</td>
<td><div><pre>java.lang.AssertionError: C11最近4个季度省级分公司及以下分支机构销售、承保、保全部门离职员工人数 expected [31] but found [15]
	at com.webirrse.testcode.IRR_YWCL_OR04.yglsl_lz(IRR_YWCL_OR04.java:186)
... Removed 27 stack frames</pre></div><a href='#' onClick='toggleBox("stack-trace1154817157", this, "Click to show all stack frames", "Click to hide stack frames")'>Click to show all stack frames</a>
<div class='stack-trace' id='stack-trace1154817157'><pre>java.lang.AssertionError: C11最近4个季度省级分公司及以下分支机构销售、承保、保全部门离职员工人数 expected [31] but found [15]
	at org.testng.Assert.fail(Assert.java:94)
	at org.testng.Assert.failNotEquals(Assert.java:496)
	at org.testng.Assert.assertEquals(Assert.java:125)
	at com.webirrse.testcode.IRR_YWCL_OR04.yglsl_lz(IRR_YWCL_OR04.java:186)
	at sun.reflect.NativeMethodAccessorImpl.invoke0(Native Method)
	at sun.reflect.NativeMethodAccessorImpl.invoke(Unknown Source)
	at sun.reflect.DelegatingMethodAccessorImpl.invoke(Unknown Source)
	at java.lang.reflect.Method.invoke(Unknown Source)
	at org.testng.internal.MethodInvocationHelper.invokeMethod(MethodInvocationHelper.java:85)
	at org.testng.internal.Invoker.invokeMethod(Invoker.java:639)
	at org.testng.internal.Invoker.invokeTestMethod(Invoker.java:816)
	at org.testng.internal.Invoker.invokeTestMethods(Invoker.java:1124)
	at org.testng.internal.TestMethodWorker.invokeTestMethods(TestMethodWorker.java:125)
	at org.testng.internal.TestMethodWorker.run(TestMethodWorker.java:108)
	at org.testng.TestRunner.privateRun(TestRunner.java:774)
	at org.testng.TestRunner.run(TestRunner.java:624)
	at org.testng.SuiteRunner.runTest(SuiteRunner.java:359)
	at org.testng.SuiteRunner.runSequentially(SuiteRunner.java:354)
	at org.testng.SuiteRunner.privateRun(SuiteRunner.java:312)
	at org.testng.SuiteRunner.run(SuiteRunner.java:261)
	at org.testng.SuiteRunnerWorker.runSuite(SuiteRunnerWorker.java:52)
	at org.testng.SuiteRunnerWorker.run(SuiteRunnerWorker.java:86)
	at org.testng.TestNG.runSuitesSequentially(TestNG.java:1215)
	at org.testng.TestNG.runSuitesLocally(TestNG.java:1140)
	at org.testng.TestNG.run(TestNG.java:1048)
	at org.testng.remote.AbstractRemoteTestNG.run(AbstractRemoteTestNG.java:132)
	at org.testng.remote.RemoteTestNG.initAndRun(RemoteTestNG.java:230)
	at org.testng.remote.RemoteTestNG.main(RemoteTestNG.java:76)
</pre></div></td>
<td>0</td>
<td>com.webirrse.testcode.IRR_YWCL_OR04@a67c67e</td></tr>
<tr>
<td title='com.webirrse.testcode.IRR_YWCL_OR04.yjkh()'><b>yjkh</b><br>Test class: com.webirrse.testcode.IRR_YWCL_OR04<br>Parameters: 11</td>
<td><div><pre>java.lang.AssertionError: C15业绩考核 expected [1|将操作风险纳入省级分公司和中心支公司销售、承保、保全部门负责人考核体系] but found [2|未将操作风险纳入省级分公司和中心支公司销售、承保、保全部门负责人考核体系]
	at com.webirrse.testcode.IRR_YWCL_OR04.yjkh(IRR_YWCL_OR04.java:214)
... Removed 27 stack frames</pre></div><a href='#' onClick='toggleBox("stack-trace1472516922", this, "Click to show all stack frames", "Click to hide stack frames")'>Click to show all stack frames</a>
<div class='stack-trace' id='stack-trace1472516922'><pre>java.lang.AssertionError: C15业绩考核 expected [1|将操作风险纳入省级分公司和中心支公司销售、承保、保全部门负责人考核体系] but found [2|未将操作风险纳入省级分公司和中心支公司销售、承保、保全部门负责人考核体系]
	at org.testng.Assert.fail(Assert.java:94)
	at org.testng.Assert.failNotEquals(Assert.java:496)
	at org.testng.Assert.assertEquals(Assert.java:125)
	at com.webirrse.testcode.IRR_YWCL_OR04.yjkh(IRR_YWCL_OR04.java:214)
	at sun.reflect.NativeMethodAccessorImpl.invoke0(Native Method)
	at sun.reflect.NativeMethodAccessorImpl.invoke(Unknown Source)
	at sun.reflect.DelegatingMethodAccessorImpl.invoke(Unknown Source)
	at java.lang.reflect.Method.invoke(Unknown Source)
	at org.testng.internal.MethodInvocationHelper.invokeMethod(MethodInvocationHelper.java:85)
	at org.testng.internal.Invoker.invokeMethod(Invoker.java:639)
	at org.testng.internal.Invoker.invokeTestMethod(Invoker.java:816)
	at org.testng.internal.Invoker.invokeTestMethods(Invoker.java:1124)
	at org.testng.internal.TestMethodWorker.invokeTestMethods(TestMethodWorker.java:125)
	at org.testng.internal.TestMethodWorker.run(TestMethodWorker.java:108)
	at org.testng.TestRunner.privateRun(TestRunner.java:774)
	at org.testng.TestRunner.run(TestRunner.java:624)
	at org.testng.SuiteRunner.runTest(SuiteRunner.java:359)
	at org.testng.SuiteRunner.runSequentially(SuiteRunner.java:354)
	at org.testng.SuiteRunner.privateRun(SuiteRunner.java:312)
	at org.testng.SuiteRunner.run(SuiteRunner.java:261)
	at org.testng.SuiteRunnerWorker.runSuite(SuiteRunnerWorker.java:52)
	at org.testng.SuiteRunnerWorker.run(SuiteRunnerWorker.java:86)
	at org.testng.TestNG.runSuitesSequentially(TestNG.java:1215)
	at org.testng.TestNG.runSuitesLocally(TestNG.java:1140)
	at org.testng.TestNG.run(TestNG.java:1048)
	at org.testng.remote.AbstractRemoteTestNG.run(AbstractRemoteTestNG.java:132)
	at org.testng.remote.RemoteTestNG.initAndRun(RemoteTestNG.java:230)
	at org.testng.remote.RemoteTestNG.main(RemoteTestNG.java:76)
</pre></div></td>
<td>0</td>
<td>com.webirrse.testcode.IRR_YWCL_OR04@a67c67e</td></tr>
<tr>
<td title='com.webirrse.testcode.IRR_YWCL_OR04.yjxtjt()'><b>yjxtjt</b><br>Test class: com.webirrse.testcode.IRR_YWCL_OR04<br>Parameters: 11</td>
<td><div><pre>java.lang.AssertionError: C71佣金系统计提情况 expected [3] but found [1]
	at com.webirrse.testcode.IRR_YWCL_OR04.yjxtjt(IRR_YWCL_OR04.java:607)
... Removed 27 stack frames</pre></div><a href='#' onClick='toggleBox("stack-trace1500541772", this, "Click to show all stack frames", "Click to hide stack frames")'>Click to show all stack frames</a>
<div class='stack-trace' id='stack-trace1500541772'><pre>java.lang.AssertionError: C71佣金系统计提情况 expected [3] but found [1]
	at org.testng.Assert.fail(Assert.java:94)
	at org.testng.Assert.failNotEquals(Assert.java:496)
	at org.testng.Assert.assertEquals(Assert.java:125)
	at com.webirrse.testcode.IRR_YWCL_OR04.yjxtjt(IRR_YWCL_OR04.java:607)
	at sun.reflect.NativeMethodAccessorImpl.invoke0(Native Method)
	at sun.reflect.NativeMethodAccessorImpl.invoke(Unknown Source)
	at sun.reflect.DelegatingMethodAccessorImpl.invoke(Unknown Source)
	at java.lang.reflect.Method.invoke(Unknown Source)
	at org.testng.internal.MethodInvocationHelper.invokeMethod(MethodInvocationHelper.java:85)
	at org.testng.internal.Invoker.invokeMethod(Invoker.java:639)
	at org.testng.internal.Invoker.invokeTestMethod(Invoker.java:816)
	at org.testng.internal.Invoker.invokeTestMethods(Invoker.java:1124)
	at org.testng.internal.TestMethodWorker.invokeTestMethods(TestMethodWorker.java:125)
	at org.testng.internal.TestMethodWorker.run(TestMethodWorker.java:108)
	at org.testng.TestRunner.privateRun(TestRunner.java:774)
	at org.testng.TestRunner.run(TestRunner.java:624)
	at org.testng.SuiteRunner.runTest(SuiteRunner.java:359)
	at org.testng.SuiteRunner.runSequentially(SuiteRunner.java:354)
	at org.testng.SuiteRunner.privateRun(SuiteRunner.java:312)
	at org.testng.SuiteRunner.run(SuiteRunner.java:261)
	at org.testng.SuiteRunnerWorker.runSuite(SuiteRunnerWorker.java:52)
	at org.testng.SuiteRunnerWorker.run(SuiteRunnerWorker.java:86)
	at org.testng.TestNG.runSuitesSequentially(TestNG.java:1215)
	at org.testng.TestNG.runSuitesLocally(TestNG.java:1140)
	at org.testng.TestNG.run(TestNG.java:1048)
	at org.testng.remote.AbstractRemoteTestNG.run(AbstractRemoteTestNG.java:132)
	at org.testng.remote.RemoteTestNG.initAndRun(RemoteTestNG.java:230)
	at org.testng.remote.RemoteTestNG.main(RemoteTestNG.java:76)
</pre></div></td>
<td>0</td>
<td>com.webirrse.testcode.IRR_YWCL_OR04@a67c67e</td></tr>
<tr>
<td title='com.webirrse.testcode.IRR_YWCL_OR04.yyqhfcgl()'><b>yyqhfcgl</b><br>Test class: com.webirrse.testcode.IRR_YWCL_OR04<br>Parameters: 11</td>
<td><div><pre>java.lang.AssertionError: C35犹豫期内电话回访成功率 expected [0.69] but found [0.99]
	at com.webirrse.testcode.IRR_YWCL_OR04.yyqhfcgl(IRR_YWCL_OR04.java:355)
... Removed 27 stack frames</pre></div><a href='#' onClick='toggleBox("stack-trace500594918", this, "Click to show all stack frames", "Click to hide stack frames")'>Click to show all stack frames</a>
<div class='stack-trace' id='stack-trace500594918'><pre>java.lang.AssertionError: C35犹豫期内电话回访成功率 expected [0.69] but found [0.99]
	at org.testng.Assert.fail(Assert.java:94)
	at org.testng.Assert.failNotEquals(Assert.java:496)
	at org.testng.Assert.assertEquals(Assert.java:125)
	at com.webirrse.testcode.IRR_YWCL_OR04.yyqhfcgl(IRR_YWCL_OR04.java:355)
	at sun.reflect.NativeMethodAccessorImpl.invoke0(Native Method)
	at sun.reflect.NativeMethodAccessorImpl.invoke(Unknown Source)
	at sun.reflect.DelegatingMethodAccessorImpl.invoke(Unknown Source)
	at java.lang.reflect.Method.invoke(Unknown Source)
	at org.testng.internal.MethodInvocationHelper.invokeMethod(MethodInvocationHelper.java:85)
	at org.testng.internal.Invoker.invokeMethod(Invoker.java:639)
	at org.testng.internal.Invoker.invokeTestMethod(Invoker.java:816)
	at org.testng.internal.Invoker.invokeTestMethods(Invoker.java:1124)
	at org.testng.internal.TestMethodWorker.invokeTestMethods(TestMethodWorker.java:125)
	at org.testng.internal.TestMethodWorker.run(TestMethodWorker.java:108)
	at org.testng.TestRunner.privateRun(TestRunner.java:774)
	at org.testng.TestRunner.run(TestRunner.java:624)
	at org.testng.SuiteRunner.runTest(SuiteRunner.java:359)
	at org.testng.SuiteRunner.runSequentially(SuiteRunner.java:354)
	at org.testng.SuiteRunner.privateRun(SuiteRunner.java:312)
	at org.testng.SuiteRunner.run(SuiteRunner.java:261)
	at org.testng.SuiteRunnerWorker.runSuite(SuiteRunnerWorker.java:52)
	at org.testng.SuiteRunnerWorker.run(SuiteRunnerWorker.java:86)
	at org.testng.TestNG.runSuitesSequentially(TestNG.java:1215)
	at org.testng.TestNG.runSuitesLocally(TestNG.java:1140)
	at org.testng.TestNG.run(TestNG.java:1048)
	at org.testng.remote.AbstractRemoteTestNG.run(AbstractRemoteTestNG.java:132)
	at org.testng.remote.RemoteTestNG.initAndRun(RemoteTestNG.java:230)
	at org.testng.remote.RemoteTestNG.main(RemoteTestNG.java:76)
</pre></div></td>
<td>0</td>
<td>com.webirrse.testcode.IRR_YWCL_OR04@a67c67e</td></tr>
<tr>
<td title='com.webirrse.testcode.IRR_YWCL_OR04.yyqhfcgl_hfs()'><b>yyqhfcgl_hfs</b><br>Test class: com.webirrse.testcode.IRR_YWCL_OR04<br>Parameters: 11</td>
<td><div><pre>java.lang.AssertionError: C36评估期内通过电话回访方式在犹豫期内完成新契约回访的保单件数 expected [69] but found [99]
	at com.webirrse.testcode.IRR_YWCL_OR04.yyqhfcgl_hfs(IRR_YWCL_OR04.java:362)
... Removed 27 stack frames</pre></div><a href='#' onClick='toggleBox("stack-trace1599526845", this, "Click to show all stack frames", "Click to hide stack frames")'>Click to show all stack frames</a>
<div class='stack-trace' id='stack-trace1599526845'><pre>java.lang.AssertionError: C36评估期内通过电话回访方式在犹豫期内完成新契约回访的保单件数 expected [69] but found [99]
	at org.testng.Assert.fail(Assert.java:94)
	at org.testng.Assert.failNotEquals(Assert.java:496)
	at org.testng.Assert.assertEquals(Assert.java:125)
	at com.webirrse.testcode.IRR_YWCL_OR04.yyqhfcgl_hfs(IRR_YWCL_OR04.java:362)
	at sun.reflect.NativeMethodAccessorImpl.invoke0(Native Method)
	at sun.reflect.NativeMethodAccessorImpl.invoke(Unknown Source)
	at sun.reflect.DelegatingMethodAccessorImpl.invoke(Unknown Source)
	at java.lang.reflect.Method.invoke(Unknown Source)
	at org.testng.internal.MethodInvocationHelper.invokeMethod(MethodInvocationHelper.java:85)
	at org.testng.internal.Invoker.invokeMethod(Invoker.java:639)
	at org.testng.internal.Invoker.invokeTestMethod(Invoker.java:816)
	at org.testng.internal.Invoker.invokeTestMethods(Invoker.java:1124)
	at org.testng.internal.TestMethodWorker.invokeTestMethods(TestMethodWorker.java:125)
	at org.testng.internal.TestMethodWorker.run(TestMethodWorker.java:108)
	at org.testng.TestRunner.privateRun(TestRunner.java:774)
	at org.testng.TestRunner.run(TestRunner.java:624)
	at org.testng.SuiteRunner.runTest(SuiteRunner.java:359)
	at org.testng.SuiteRunner.runSequentially(SuiteRunner.java:354)
	at org.testng.SuiteRunner.privateRun(SuiteRunner.java:312)
	at org.testng.SuiteRunner.run(SuiteRunner.java:261)
	at org.testng.SuiteRunnerWorker.runSuite(SuiteRunnerWorker.java:52)
	at org.testng.SuiteRunnerWorker.run(SuiteRunnerWorker.java:86)
	at org.testng.TestNG.runSuitesSequentially(TestNG.java:1215)
	at org.testng.TestNG.runSuitesLocally(TestNG.java:1140)
	at org.testng.TestNG.run(TestNG.java:1048)
	at org.testng.remote.AbstractRemoteTestNG.run(AbstractRemoteTestNG.java:132)
	at org.testng.remote.RemoteTestNG.initAndRun(RemoteTestNG.java:230)
	at org.testng.remote.RemoteTestNG.main(RemoteTestNG.java:76)
</pre></div></td>
<td>0</td>
<td>com.webirrse.testcode.IRR_YWCL_OR04@a67c67e</td></tr>
<tr>
<td title='com.webirrse.testcode.IRR_YWCL_OR04.zdfx()'><b>zdfx</b><br>Test class: com.webirrse.testcode.IRR_YWCL_OR04<br>Parameters: 11</td>
<td><div><pre>java.lang.AssertionError: C68公司销售、承保、保全环节发现重大操作风险事件的次数 expected [2] but found [1]
	at com.webirrse.testcode.IRR_YWCL_OR04.zdfx(IRR_YWCL_OR04.java:586)
... Removed 27 stack frames</pre></div><a href='#' onClick='toggleBox("stack-trace489503682", this, "Click to show all stack frames", "Click to hide stack frames")'>Click to show all stack frames</a>
<div class='stack-trace' id='stack-trace489503682'><pre>java.lang.AssertionError: C68公司销售、承保、保全环节发现重大操作风险事件的次数 expected [2] but found [1]
	at org.testng.Assert.fail(Assert.java:94)
	at org.testng.Assert.failNotEquals(Assert.java:496)
	at org.testng.Assert.assertEquals(Assert.java:125)
	at com.webirrse.testcode.IRR_YWCL_OR04.zdfx(IRR_YWCL_OR04.java:586)
	at sun.reflect.NativeMethodAccessorImpl.invoke0(Native Method)
	at sun.reflect.NativeMethodAccessorImpl.invoke(Unknown Source)
	at sun.reflect.DelegatingMethodAccessorImpl.invoke(Unknown Source)
	at java.lang.reflect.Method.invoke(Unknown Source)
	at org.testng.internal.MethodInvocationHelper.invokeMethod(MethodInvocationHelper.java:85)
	at org.testng.internal.Invoker.invokeMethod(Invoker.java:639)
	at org.testng.internal.Invoker.invokeTestMethod(Invoker.java:816)
	at org.testng.internal.Invoker.invokeTestMethods(Invoker.java:1124)
	at org.testng.internal.TestMethodWorker.invokeTestMethods(TestMethodWorker.java:125)
	at org.testng.internal.TestMethodWorker.run(TestMethodWorker.java:108)
	at org.testng.TestRunner.privateRun(TestRunner.java:774)
	at org.testng.TestRunner.run(TestRunner.java:624)
	at org.testng.SuiteRunner.runTest(SuiteRunner.java:359)
	at org.testng.SuiteRunner.runSequentially(SuiteRunner.java:354)
	at org.testng.SuiteRunner.privateRun(SuiteRunner.java:312)
	at org.testng.SuiteRunner.run(SuiteRunner.java:261)
	at org.testng.SuiteRunnerWorker.runSuite(SuiteRunnerWorker.java:52)
	at org.testng.SuiteRunnerWorker.run(SuiteRunnerWorker.java:86)
	at org.testng.TestNG.runSuitesSequentially(TestNG.java:1215)
	at org.testng.TestNG.runSuitesLocally(TestNG.java:1140)
	at org.testng.TestNG.run(TestNG.java:1048)
	at org.testng.remote.AbstractRemoteTestNG.run(AbstractRemoteTestNG.java:132)
	at org.testng.remote.RemoteTestNG.initAndRun(RemoteTestNG.java:230)
	at org.testng.remote.RemoteTestNG.main(RemoteTestNG.java:76)
</pre></div></td>
<td>0</td>
<td>com.webirrse.testcode.IRR_YWCL_OR04@a67c67e</td></tr>
<tr>
<td title='com.webirrse.testcode.IRR_YWCL_OR04.zhglaq_jg()'><b>zhglaq_jg</b><br>Test class: com.webirrse.testcode.IRR_YWCL_OR04<br>Parameters: 11</td>
<td><div><pre>java.lang.AssertionError: C70监管部门检查发现账号管理安全事件的次数 expected [2] but found [0]
	at com.webirrse.testcode.IRR_YWCL_OR04.zhglaq_jg(IRR_YWCL_OR04.java:600)
... Removed 27 stack frames</pre></div><a href='#' onClick='toggleBox("stack-trace1345521886", this, "Click to show all stack frames", "Click to hide stack frames")'>Click to show all stack frames</a>
<div class='stack-trace' id='stack-trace1345521886'><pre>java.lang.AssertionError: C70监管部门检查发现账号管理安全事件的次数 expected [2] but found [0]
	at org.testng.Assert.fail(Assert.java:94)
	at org.testng.Assert.failNotEquals(Assert.java:496)
	at org.testng.Assert.assertEquals(Assert.java:125)
	at com.webirrse.testcode.IRR_YWCL_OR04.zhglaq_jg(IRR_YWCL_OR04.java:600)
	at sun.reflect.NativeMethodAccessorImpl.invoke0(Native Method)
	at sun.reflect.NativeMethodAccessorImpl.invoke(Unknown Source)
	at sun.reflect.DelegatingMethodAccessorImpl.invoke(Unknown Source)
	at java.lang.reflect.Method.invoke(Unknown Source)
	at org.testng.internal.MethodInvocationHelper.invokeMethod(MethodInvocationHelper.java:85)
	at org.testng.internal.Invoker.invokeMethod(Invoker.java:639)
	at org.testng.internal.Invoker.invokeTestMethod(Invoker.java:816)
	at org.testng.internal.Invoker.invokeTestMethods(Invoker.java:1124)
	at org.testng.internal.TestMethodWorker.invokeTestMethods(TestMethodWorker.java:125)
	at org.testng.internal.TestMethodWorker.run(TestMethodWorker.java:108)
	at org.testng.TestRunner.privateRun(TestRunner.java:774)
	at org.testng.TestRunner.run(TestRunner.java:624)
	at org.testng.SuiteRunner.runTest(SuiteRunner.java:359)
	at org.testng.SuiteRunner.runSequentially(SuiteRunner.java:354)
	at org.testng.SuiteRunner.privateRun(SuiteRunner.java:312)
	at org.testng.SuiteRunner.run(SuiteRunner.java:261)
	at org.testng.SuiteRunnerWorker.runSuite(SuiteRunnerWorker.java:52)
	at org.testng.SuiteRunnerWorker.run(SuiteRunnerWorker.java:86)
	at org.testng.TestNG.runSuitesSequentially(TestNG.java:1215)
	at org.testng.TestNG.runSuitesLocally(TestNG.java:1140)
	at org.testng.TestNG.run(TestNG.java:1048)
	at org.testng.remote.AbstractRemoteTestNG.run(AbstractRemoteTestNG.java:132)
	at org.testng.remote.RemoteTestNG.initAndRun(RemoteTestNG.java:230)
	at org.testng.remote.RemoteTestNG.main(RemoteTestNG.java:76)
</pre></div></td>
<td>0</td>
<td>com.webirrse.testcode.IRR_YWCL_OR04@a67c67e</td></tr>
<tr>
<td title='com.webirrse.testcode.IRR_YWCL_OR04.zhglaq_zc()'><b>zhglaq_zc</b><br>Test class: com.webirrse.testcode.IRR_YWCL_OR04<br>Parameters: 11</td>
<td><div><pre>java.lang.AssertionError: C69公司自查发现账号管理安全事件的次数 expected [0] but found [1]
	at com.webirrse.testcode.IRR_YWCL_OR04.zhglaq_zc(IRR_YWCL_OR04.java:593)
... Removed 27 stack frames</pre></div><a href='#' onClick='toggleBox("stack-trace1712142385", this, "Click to show all stack frames", "Click to hide stack frames")'>Click to show all stack frames</a>
<div class='stack-trace' id='stack-trace1712142385'><pre>java.lang.AssertionError: C69公司自查发现账号管理安全事件的次数 expected [0] but found [1]
	at org.testng.Assert.fail(Assert.java:94)
	at org.testng.Assert.failNotEquals(Assert.java:496)
	at org.testng.Assert.assertEquals(Assert.java:125)
	at com.webirrse.testcode.IRR_YWCL_OR04.zhglaq_zc(IRR_YWCL_OR04.java:593)
	at sun.reflect.NativeMethodAccessorImpl.invoke0(Native Method)
	at sun.reflect.NativeMethodAccessorImpl.invoke(Unknown Source)
	at sun.reflect.DelegatingMethodAccessorImpl.invoke(Unknown Source)
	at java.lang.reflect.Method.invoke(Unknown Source)
	at org.testng.internal.MethodInvocationHelper.invokeMethod(MethodInvocationHelper.java:85)
	at org.testng.internal.Invoker.invokeMethod(Invoker.java:639)
	at org.testng.internal.Invoker.invokeTestMethod(Invoker.java:816)
	at org.testng.internal.Invoker.invokeTestMethods(Invoker.java:1124)
	at org.testng.internal.TestMethodWorker.invokeTestMethods(TestMethodWorker.java:125)
	at org.testng.internal.TestMethodWorker.run(TestMethodWorker.java:108)
	at org.testng.TestRunner.privateRun(TestRunner.java:774)
	at org.testng.TestRunner.run(TestRunner.java:624)
	at org.testng.SuiteRunner.runTest(SuiteRunner.java:359)
	at org.testng.SuiteRunner.runSequentially(SuiteRunner.java:354)
	at org.testng.SuiteRunner.privateRun(SuiteRunner.java:312)
	at org.testng.SuiteRunner.run(SuiteRunner.java:261)
	at org.testng.SuiteRunnerWorker.runSuite(SuiteRunnerWorker.java:52)
	at org.testng.SuiteRunnerWorker.run(SuiteRunnerWorker.java:86)
	at org.testng.TestNG.runSuitesSequentially(TestNG.java:1215)
	at org.testng.TestNG.runSuitesLocally(TestNG.java:1140)
	at org.testng.TestNG.run(TestNG.java:1048)
	at org.testng.remote.AbstractRemoteTestNG.run(AbstractRemoteTestNG.java:132)
	at org.testng.remote.RemoteTestNG.initAndRun(RemoteTestNG.java:230)
	at org.testng.remote.RemoteTestNG.main(RemoteTestNG.java:76)
</pre></div></td>
<td>0</td>
<td>com.webirrse.testcode.IRR_YWCL_OR04@a67c67e</td></tr>
<tr>
<td title='com.webirrse.testcode.IRR_YWCL_OR04.zjczfx_jg()'><b>zjczfx_jg</b><br>Test class: com.webirrse.testcode.IRR_YWCL_OR04<br>Parameters: 11</td>
<td><div><pre>java.lang.AssertionError: C31最近4个季度监管发现中介业务操作风险事件次数 expected [3] but found [1]
	at com.webirrse.testcode.IRR_YWCL_OR04.zjczfx_jg(IRR_YWCL_OR04.java:327)
... Removed 27 stack frames</pre></div><a href='#' onClick='toggleBox("stack-trace1716275186", this, "Click to show all stack frames", "Click to hide stack frames")'>Click to show all stack frames</a>
<div class='stack-trace' id='stack-trace1716275186'><pre>java.lang.AssertionError: C31最近4个季度监管发现中介业务操作风险事件次数 expected [3] but found [1]
	at org.testng.Assert.fail(Assert.java:94)
	at org.testng.Assert.failNotEquals(Assert.java:496)
	at org.testng.Assert.assertEquals(Assert.java:125)
	at com.webirrse.testcode.IRR_YWCL_OR04.zjczfx_jg(IRR_YWCL_OR04.java:327)
	at sun.reflect.NativeMethodAccessorImpl.invoke0(Native Method)
	at sun.reflect.NativeMethodAccessorImpl.invoke(Unknown Source)
	at sun.reflect.DelegatingMethodAccessorImpl.invoke(Unknown Source)
	at java.lang.reflect.Method.invoke(Unknown Source)
	at org.testng.internal.MethodInvocationHelper.invokeMethod(MethodInvocationHelper.java:85)
	at org.testng.internal.Invoker.invokeMethod(Invoker.java:639)
	at org.testng.internal.Invoker.invokeTestMethod(Invoker.java:816)
	at org.testng.internal.Invoker.invokeTestMethods(Invoker.java:1124)
	at org.testng.internal.TestMethodWorker.invokeTestMethods(TestMethodWorker.java:125)
	at org.testng.internal.TestMethodWorker.run(TestMethodWorker.java:108)
	at org.testng.TestRunner.privateRun(TestRunner.java:774)
	at org.testng.TestRunner.run(TestRunner.java:624)
	at org.testng.SuiteRunner.runTest(SuiteRunner.java:359)
	at org.testng.SuiteRunner.runSequentially(SuiteRunner.java:354)
	at org.testng.SuiteRunner.privateRun(SuiteRunner.java:312)
	at org.testng.SuiteRunner.run(SuiteRunner.java:261)
	at org.testng.SuiteRunnerWorker.runSuite(SuiteRunnerWorker.java:52)
	at org.testng.SuiteRunnerWorker.run(SuiteRunnerWorker.java:86)
	at org.testng.TestNG.runSuitesSequentially(TestNG.java:1215)
	at org.testng.TestNG.runSuitesLocally(TestNG.java:1140)
	at org.testng.TestNG.run(TestNG.java:1048)
	at org.testng.remote.AbstractRemoteTestNG.run(AbstractRemoteTestNG.java:132)
	at org.testng.remote.RemoteTestNG.initAndRun(RemoteTestNG.java:230)
	at org.testng.remote.RemoteTestNG.main(RemoteTestNG.java:76)
</pre></div></td>
<td>0</td>
<td>com.webirrse.testcode.IRR_YWCL_OR04@a67c67e</td></tr>
<tr>
<td title='com.webirrse.testcode.IRR_YWCL_OR04.zjczfx_zc()'><b>zjczfx_zc</b><br>Test class: com.webirrse.testcode.IRR_YWCL_OR04<br>Parameters: 11</td>
<td><div><pre>java.lang.AssertionError: C30最近4个季度公司自查发现中介业务操作风险事件次数 expected [4] but found [0]
	at com.webirrse.testcode.IRR_YWCL_OR04.zjczfx_zc(IRR_YWCL_OR04.java:319)
... Removed 27 stack frames</pre></div><a href='#' onClick='toggleBox("stack-trace189947450", this, "Click to show all stack frames", "Click to hide stack frames")'>Click to show all stack frames</a>
<div class='stack-trace' id='stack-trace189947450'><pre>java.lang.AssertionError: C30最近4个季度公司自查发现中介业务操作风险事件次数 expected [4] but found [0]
	at org.testng.Assert.fail(Assert.java:94)
	at org.testng.Assert.failNotEquals(Assert.java:496)
	at org.testng.Assert.assertEquals(Assert.java:125)
	at com.webirrse.testcode.IRR_YWCL_OR04.zjczfx_zc(IRR_YWCL_OR04.java:319)
	at sun.reflect.NativeMethodAccessorImpl.invoke0(Native Method)
	at sun.reflect.NativeMethodAccessorImpl.invoke(Unknown Source)
	at sun.reflect.DelegatingMethodAccessorImpl.invoke(Unknown Source)
	at java.lang.reflect.Method.invoke(Unknown Source)
	at org.testng.internal.MethodInvocationHelper.invokeMethod(MethodInvocationHelper.java:85)
	at org.testng.internal.Invoker.invokeMethod(Invoker.java:639)
	at org.testng.internal.Invoker.invokeTestMethod(Invoker.java:816)
	at org.testng.internal.Invoker.invokeTestMethods(Invoker.java:1124)
	at org.testng.internal.TestMethodWorker.invokeTestMethods(TestMethodWorker.java:125)
	at org.testng.internal.TestMethodWorker.run(TestMethodWorker.java:108)
	at org.testng.TestRunner.privateRun(TestRunner.java:774)
	at org.testng.TestRunner.run(TestRunner.java:624)
	at org.testng.SuiteRunner.runTest(SuiteRunner.java:359)
	at org.testng.SuiteRunner.runSequentially(SuiteRunner.java:354)
	at org.testng.SuiteRunner.privateRun(SuiteRunner.java:312)
	at org.testng.SuiteRunner.run(SuiteRunner.java:261)
	at org.testng.SuiteRunnerWorker.runSuite(SuiteRunnerWorker.java:52)
	at org.testng.SuiteRunnerWorker.run(SuiteRunnerWorker.java:86)
	at org.testng.TestNG.runSuitesSequentially(TestNG.java:1215)
	at org.testng.TestNG.runSuitesLocally(TestNG.java:1140)
	at org.testng.TestNG.run(TestNG.java:1048)
	at org.testng.remote.AbstractRemoteTestNG.run(AbstractRemoteTestNG.java:132)
	at org.testng.remote.RemoteTestNG.initAndRun(RemoteTestNG.java:230)
	at org.testng.remote.RemoteTestNG.main(RemoteTestNG.java:76)
</pre></div></td>
<td>0</td>
<td>com.webirrse.testcode.IRR_YWCL_OR04@a67c67e</td></tr>
<tr>
<td title='com.webirrse.testcode.IRR_YWCL_OR04.zyczfx_jg()'><b>zyczfx_jg</b><br>Test class: com.webirrse.testcode.IRR_YWCL_OR04<br>Parameters: 11</td>
<td><div><pre>java.lang.AssertionError: C29最近4个季度监管部门发现展业操作风险事件次数 expected [3] but found [1]
	at com.webirrse.testcode.IRR_YWCL_OR04.zyczfx_jg(IRR_YWCL_OR04.java:312)
... Removed 27 stack frames</pre></div><a href='#' onClick='toggleBox("stack-trace852496106", this, "Click to show all stack frames", "Click to hide stack frames")'>Click to show all stack frames</a>
<div class='stack-trace' id='stack-trace852496106'><pre>java.lang.AssertionError: C29最近4个季度监管部门发现展业操作风险事件次数 expected [3] but found [1]
	at org.testng.Assert.fail(Assert.java:94)
	at org.testng.Assert.failNotEquals(Assert.java:496)
	at org.testng.Assert.assertEquals(Assert.java:125)
	at com.webirrse.testcode.IRR_YWCL_OR04.zyczfx_jg(IRR_YWCL_OR04.java:312)
	at sun.reflect.NativeMethodAccessorImpl.invoke0(Native Method)
	at sun.reflect.NativeMethodAccessorImpl.invoke(Unknown Source)
	at sun.reflect.DelegatingMethodAccessorImpl.invoke(Unknown Source)
	at java.lang.reflect.Method.invoke(Unknown Source)
	at org.testng.internal.MethodInvocationHelper.invokeMethod(MethodInvocationHelper.java:85)
	at org.testng.internal.Invoker.invokeMethod(Invoker.java:639)
	at org.testng.internal.Invoker.invokeTestMethod(Invoker.java:816)
	at org.testng.internal.Invoker.invokeTestMethods(Invoker.java:1124)
	at org.testng.internal.TestMethodWorker.invokeTestMethods(TestMethodWorker.java:125)
	at org.testng.internal.TestMethodWorker.run(TestMethodWorker.java:108)
	at org.testng.TestRunner.privateRun(TestRunner.java:774)
	at org.testng.TestRunner.run(TestRunner.java:624)
	at org.testng.SuiteRunner.runTest(SuiteRunner.java:359)
	at org.testng.SuiteRunner.runSequentially(SuiteRunner.java:354)
	at org.testng.SuiteRunner.privateRun(SuiteRunner.java:312)
	at org.testng.SuiteRunner.run(SuiteRunner.java:261)
	at org.testng.SuiteRunnerWorker.runSuite(SuiteRunnerWorker.java:52)
	at org.testng.SuiteRunnerWorker.run(SuiteRunnerWorker.java:86)
	at org.testng.TestNG.runSuitesSequentially(TestNG.java:1215)
	at org.testng.TestNG.runSuitesLocally(TestNG.java:1140)
	at org.testng.TestNG.run(TestNG.java:1048)
	at org.testng.remote.AbstractRemoteTestNG.run(AbstractRemoteTestNG.java:132)
	at org.testng.remote.RemoteTestNG.initAndRun(RemoteTestNG.java:230)
	at org.testng.remote.RemoteTestNG.main(RemoteTestNG.java:76)
</pre></div></td>
<td>0</td>
<td>com.webirrse.testcode.IRR_YWCL_OR04@a67c67e</td></tr>
<tr>
<td title='com.webirrse.testcode.IRR_YWCL_OR04.zyczfx_zc()'><b>zyczfx_zc</b><br>Test class: com.webirrse.testcode.IRR_YWCL_OR04<br>Parameters: 11</td>
<td><div><pre>java.lang.AssertionError: C28最近4个季度公司自查发现展业操作风险事件次数 expected [4] but found [0]
	at com.webirrse.testcode.IRR_YWCL_OR04.zyczfx_zc(IRR_YWCL_OR04.java:305)
... Removed 27 stack frames</pre></div><a href='#' onClick='toggleBox("stack-trace1826902085", this, "Click to show all stack frames", "Click to hide stack frames")'>Click to show all stack frames</a>
<div class='stack-trace' id='stack-trace1826902085'><pre>java.lang.AssertionError: C28最近4个季度公司自查发现展业操作风险事件次数 expected [4] but found [0]
	at org.testng.Assert.fail(Assert.java:94)
	at org.testng.Assert.failNotEquals(Assert.java:496)
	at org.testng.Assert.assertEquals(Assert.java:125)
	at com.webirrse.testcode.IRR_YWCL_OR04.zyczfx_zc(IRR_YWCL_OR04.java:305)
	at sun.reflect.NativeMethodAccessorImpl.invoke0(Native Method)
	at sun.reflect.NativeMethodAccessorImpl.invoke(Unknown Source)
	at sun.reflect.DelegatingMethodAccessorImpl.invoke(Unknown Source)
	at java.lang.reflect.Method.invoke(Unknown Source)
	at org.testng.internal.MethodInvocationHelper.invokeMethod(MethodInvocationHelper.java:85)
	at org.testng.internal.Invoker.invokeMethod(Invoker.java:639)
	at org.testng.internal.Invoker.invokeTestMethod(Invoker.java:816)
	at org.testng.internal.Invoker.invokeTestMethods(Invoker.java:1124)
	at org.testng.internal.TestMethodWorker.invokeTestMethods(TestMethodWorker.java:125)
	at org.testng.internal.TestMethodWorker.run(TestMethodWorker.java:108)
	at org.testng.TestRunner.privateRun(TestRunner.java:774)
	at org.testng.TestRunner.run(TestRunner.java:624)
	at org.testng.SuiteRunner.runTest(SuiteRunner.java:359)
	at org.testng.SuiteRunner.runSequentially(SuiteRunner.java:354)
	at org.testng.SuiteRunner.privateRun(SuiteRunner.java:312)
	at org.testng.SuiteRunner.run(SuiteRunner.java:261)
	at org.testng.SuiteRunnerWorker.runSuite(SuiteRunnerWorker.java:52)
	at org.testng.SuiteRunnerWorker.run(SuiteRunnerWorker.java:86)
	at org.testng.TestNG.runSuitesSequentially(TestNG.java:1215)
	at org.testng.TestNG.runSuitesLocally(TestNG.java:1140)
	at org.testng.TestNG.run(TestNG.java:1048)
	at org.testng.remote.AbstractRemoteTestNG.run(AbstractRemoteTestNG.java:132)
	at org.testng.remote.RemoteTestNG.initAndRun(RemoteTestNG.java:230)
	at org.testng.remote.RemoteTestNG.main(RemoteTestNG.java:76)
</pre></div></td>
<td>0</td>
<td>com.webirrse.testcode.IRR_YWCL_OR04@a67c67e</td></tr>
</table><p>
<table width='100%' border='1' class='invocation-passed'>
<tr><td colspan='4' align='center'><b>PASSED TESTS</b></td></tr>
<tr><td><b>Test method</b></td>
<td width="30%"><b>Exception</b></td>
<td width="10%"><b>Time (seconds)</b></td>
<td><b>Instance</b></td>
</tr>
<tr>
<td title='com.webirrse.testcode.IRR_YWCL_OR04.bdsxl()'><b>bdsxl</b><br>Test class: com.webirrse.testcode.IRR_YWCL_OR04<br>Parameters: 11</td>
<td></td>
<td>0</td>
<td>com.webirrse.testcode.IRR_YWCL_OR04@a67c67e</td></tr>
<tr>
<td title='com.webirrse.testcode.IRR_YWCL_OR04.bdsxl_fx()'><b>bdsxl_fx</b><br>Test class: com.webirrse.testcode.IRR_YWCL_OR04<br>Parameters: 11</td>
<td></td>
<td>0</td>
<td>com.webirrse.testcode.IRR_YWCL_OR04@a67c67e</td></tr>
<tr>
<td title='com.webirrse.testcode.IRR_YWCL_OR04.bdsxl_lj()'><b>bdsxl_lj</b><br>Test class: com.webirrse.testcode.IRR_YWCL_OR04<br>Parameters: 11</td>
<td></td>
<td>0</td>
<td>com.webirrse.testcode.IRR_YWCL_OR04@a67c67e</td></tr>
<tr>
<td title='com.webirrse.testcode.IRR_YWCL_OR04.bdsxl_zb()'><b>bdsxl_zb</b><br>Test class: com.webirrse.testcode.IRR_YWCL_OR04<br>Parameters: 11</td>
<td></td>
<td>0</td>
<td>com.webirrse.testcode.IRR_YWCL_OR04@a67c67e</td></tr>
<tr>
<td title='com.webirrse.testcode.IRR_YWCL_OR04.bdzyzf()'><b>bdzyzf</b><br>Test class: com.webirrse.testcode.IRR_YWCL_OR04<br>Parameters: 11</td>
<td></td>
<td>0</td>
<td>com.webirrse.testcode.IRR_YWCL_OR04@a67c67e</td></tr>
<tr>
<td title='com.webirrse.testcode.IRR_YWCL_OR04.bmglcjy_qmzs()'><b>bmglcjy_qmzs</b><br>Test class: com.webirrse.testcode.IRR_YWCL_OR04<br>Parameters: 11</td>
<td></td>
<td>0</td>
<td>com.webirrse.testcode.IRR_YWCL_OR04@a67c67e</td></tr>
<tr>
<td title='com.webirrse.testcode.IRR_YWCL_OR04.bqbgwcl_lc()'><b>bqbgwcl_lc</b><br>Test class: com.webirrse.testcode.IRR_YWCL_OR04<br>Parameters: 11</td>
<td></td>
<td>0</td>
<td>com.webirrse.testcode.IRR_YWCL_OR04@a67c67e</td></tr>
<tr>
<td title='com.webirrse.testcode.IRR_YWCL_OR04.bqbgwcl_xz()'><b>bqbgwcl_xz</b><br>Test class: com.webirrse.testcode.IRR_YWCL_OR04<br>Parameters: 11</td>
<td></td>
<td>0</td>
<td>com.webirrse.testcode.IRR_YWCL_OR04@a67c67e</td></tr>
<tr>
<td title='com.webirrse.testcode.IRR_YWCL_OR04.bqccl()'><b>bqccl</b><br>Test class: com.webirrse.testcode.IRR_YWCL_OR04<br>Parameters: 11</td>
<td></td>
<td>0</td>
<td>com.webirrse.testcode.IRR_YWCL_OR04@a67c67e</td></tr>
<tr>
<td title='com.webirrse.testcode.IRR_YWCL_OR04.dlxxlcl_rz()'><b>dlxxlcl_rz</b><br>Test class: com.webirrse.testcode.IRR_YWCL_OR04<br>Parameters: 11</td>
<td></td>
<td>0</td>
<td>com.webirrse.testcode.IRR_YWCL_OR04@a67c67e</td></tr>
<tr>
<td title='com.webirrse.testcode.IRR_YWCL_OR04.fxqfx_jgh()'><b>fxqfx_jgh</b><br>Test class: com.webirrse.testcode.IRR_YWCL_OR04<br>Parameters: 11</td>
<td></td>
<td>0</td>
<td>com.webirrse.testcode.IRR_YWCL_OR04@a67c67e</td></tr>
<tr>
<td title='com.webirrse.testcode.IRR_YWCL_OR04.qyhfl_bds()'><b>qyhfl_bds</b><br>Test class: com.webirrse.testcode.IRR_YWCL_OR04<br>Parameters: 11</td>
<td></td>
<td>0</td>
<td>com.webirrse.testcode.IRR_YWCL_OR04@a67c67e</td></tr>
<tr>
<td title='com.webirrse.testcode.IRR_YWCL_OR04.qzbdtsl_yxs()'><b>qzbdtsl_yxs</b><br>Test class: com.webirrse.testcode.IRR_YWCL_OR04<br>Parameters: 11</td>
<td></td>
<td>0</td>
<td>com.webirrse.testcode.IRR_YWCL_OR04@a67c67e</td></tr>
<tr>
<td title='com.webirrse.testcode.IRR_YWCL_OR04.tbl_ss()'><b>tbl_ss</b><br>Test class: com.webirrse.testcode.IRR_YWCL_OR04<br>Parameters: 11</td>
<td></td>
<td>0</td>
<td>com.webirrse.testcode.IRR_YWCL_OR04@a67c67e</td></tr>
<tr>
<td title='com.webirrse.testcode.IRR_YWCL_OR04.tbl_tb()'><b>tbl_tb</b><br>Test class: com.webirrse.testcode.IRR_YWCL_OR04<br>Parameters: 11</td>
<td></td>
<td>0</td>
<td>com.webirrse.testcode.IRR_YWCL_OR04@a67c67e</td></tr>
<tr>
<td title='com.webirrse.testcode.IRR_YWCL_OR04.xqsfl_ys()'><b>xqsfl_ys</b><br>Test class: com.webirrse.testcode.IRR_YWCL_OR04<br>Parameters: 11</td>
<td></td>
<td>0</td>
<td>com.webirrse.testcode.IRR_YWCL_OR04@a67c67e</td></tr>
<tr>
<td title='com.webirrse.testcode.IRR_YWCL_OR04.xsglfx_jg()'><b>xsglfx_jg</b><br>Test class: com.webirrse.testcode.IRR_YWCL_OR04<br>Parameters: 11</td>
<td></td>
<td>0</td>
<td>com.webirrse.testcode.IRR_YWCL_OR04@a67c67e</td></tr>
<tr>
<td title='com.webirrse.testcode.IRR_YWCL_OR04.xsxyqdl()'><b>xsxyqdl</b><br>Test class: com.webirrse.testcode.IRR_YWCL_OR04<br>Parameters: 11</td>
<td></td>
<td>0</td>
<td>com.webirrse.testcode.IRR_YWCL_OR04@a67c67e</td></tr>
<tr>
<td title='com.webirrse.testcode.IRR_YWCL_OR04.xsxyqdl_yxs()'><b>xsxyqdl_yxs</b><br>Test class: com.webirrse.testcode.IRR_YWCL_OR04<br>Parameters: 11</td>
<td></td>
<td>0</td>
<td>com.webirrse.testcode.IRR_YWCL_OR04@a67c67e</td></tr>
<tr>
<td title='com.webirrse.testcode.IRR_YWCL_OR04.xsxyqdl_zs()'><b>xsxyqdl_zs</b><br>Test class: com.webirrse.testcode.IRR_YWCL_OR04<br>Parameters: 11</td>
<td></td>
<td>0</td>
<td>com.webirrse.testcode.IRR_YWCL_OR04@a67c67e</td></tr>
<tr>
<td title='com.webirrse.testcode.IRR_YWCL_OR04.yglsl_qb()'><b>yglsl_qb</b><br>Test class: com.webirrse.testcode.IRR_YWCL_OR04<br>Parameters: 11</td>
<td></td>
<td>0</td>
<td>com.webirrse.testcode.IRR_YWCL_OR04@a67c67e</td></tr>
<tr>
<td title='com.webirrse.testcode.IRR_YWCL_OR04.yglsl_zj()'><b>yglsl_zj</b><br>Test class: com.webirrse.testcode.IRR_YWCL_OR04<br>Parameters: 11</td>
<td></td>
<td>0</td>
<td>com.webirrse.testcode.IRR_YWCL_OR04@a67c67e</td></tr>
<tr>
<td title='com.webirrse.testcode.IRR_YWCL_OR04.yyqhfcgl_bds()'><b>yyqhfcgl_bds</b><br>Test class: com.webirrse.testcode.IRR_YWCL_OR04<br>Parameters: 11</td>
<td></td>
<td>0</td>
<td>com.webirrse.testcode.IRR_YWCL_OR04@a67c67e</td></tr>
<tr>
<td title='com.webirrse.testcode.IRR_YWCL_OR04.zjxyqdl()'><b>zjxyqdl</b><br>Test class: com.webirrse.testcode.IRR_YWCL_OR04<br>Parameters: 11</td>
<td></td>
<td>0</td>
<td>com.webirrse.testcode.IRR_YWCL_OR04@a67c67e</td></tr>
<tr>
<td title='com.webirrse.testcode.IRR_YWCL_OR04.zjxyqdl_jgs()'><b>zjxyqdl_jgs</b><br>Test class: com.webirrse.testcode.IRR_YWCL_OR04<br>Parameters: 11</td>
<td></td>
<td>0</td>
<td>com.webirrse.testcode.IRR_YWCL_OR04@a67c67e</td></tr>
<tr>
<td title='com.webirrse.testcode.IRR_YWCL_OR04.zjxyqdl_xys()'><b>zjxyqdl_xys</b><br>Test class: com.webirrse.testcode.IRR_YWCL_OR04<br>Parameters: 11</td>
<td></td>
<td>0</td>
<td>com.webirrse.testcode.IRR_YWCL_OR04@a67c67e</td></tr>
<tr>
<td title='com.webirrse.testcode.IRR_YWCL_OR04.zzzeletefile()'><b>zzzeletefile</b><br>Test class: com.webirrse.testcode.IRR_YWCL_OR04</td>
<td></td>
<td>0</td>
<td>com.webirrse.testcode.IRR_YWCL_OR04@a67c67e</td></tr>
</table><p>
</body>
</html>